[0.051s] Invoking command in '/home/ubuntu/ros2_ws/build/vo_system': CMAKE_PREFIX_PATH=${CMAKE_PREFIX_PATH}:/opt/ros/humble /usr/bin/cmake /home/ubuntu/ros2_ws/src/vo_system -DCMAKE_INSTALL_PREFIX=/home/ubuntu/ros2_ws/install/vo_system
[1.175s] -- The C compiler identification is GNU 11.4.0
[1.892s] -- The CXX compiler identification is GNU 11.4.0
[1.937s] -- Detecting C compiler ABI info
[2.303s] -- Detecting C compiler ABI info - done
[2.329s] -- Check for working C compiler: /usr/bin/cc - skipped
[2.331s] -- Detecting C compile features
[2.334s] -- Detecting C compile features - done
[2.348s] -- Detecting CXX compiler ABI info
[2.699s] -- Detecting CXX compiler ABI info - done
[2.725s] -- Check for working CXX compiler: /usr/bin/c++ - skipped
[2.726s] -- Detecting CXX compile features
[2.728s] -- Detecting CXX compile features - done
[2.765s] -- Found ament_cmake: 1.3.14 (/opt/ros/humble/share/ament_cmake/cmake)
[3.463s] -- Found Python3: /usr/bin/python3 (found version "3.10.12") found components: Interpreter 
[4.303s] -- Configuring done
[4.322s] -- Generating done
[4.329s] -- Build files have been written to: /home/ubuntu/ros2_ws/build/vo_system
[4.343s] Invoked command in '/home/ubuntu/ros2_ws/build/vo_system' returned '0': CMAKE_PREFIX_PATH=${CMAKE_PREFIX_PATH}:/opt/ros/humble /usr/bin/cmake /home/ubuntu/ros2_ws/src/vo_system -DCMAKE_INSTALL_PREFIX=/home/ubuntu/ros2_ws/install/vo_system
[4.353s] Invoking command in '/home/ubuntu/ros2_ws/build/vo_system': CMAKE_PREFIX_PATH=${CMAKE_PREFIX_PATH}:/opt/ros/humble /usr/bin/cmake --build /home/ubuntu/ros2_ws/build/vo_system -- -j4 -l4
[4.489s] Invoked command in '/home/ubuntu/ros2_ws/build/vo_system' returned '0': CMAKE_PREFIX_PATH=${CMAKE_PREFIX_PATH}:/opt/ros/humble /usr/bin/cmake --build /home/ubuntu/ros2_ws/build/vo_system -- -j4 -l4
[4.528s] Invoking command in '/home/ubuntu/ros2_ws/build/vo_system': CMAKE_PREFIX_PATH=${CMAKE_PREFIX_PATH}:/opt/ros/humble /usr/bin/cmake --install /home/ubuntu/ros2_ws/build/vo_system
[4.555s] -- Install configuration: ""
[4.555s] -- Installing: /home/ubuntu/ros2_ws/install/vo_system/share/vo_system/launch
[4.556s] -- Installing: /home/ubuntu/ros2_ws/install/vo_system/share/vo_system/launch/vo_system.launch.py
[4.557s] -- Installing: /home/ubuntu/ros2_ws/install/vo_system/share/vo_system/config
[4.559s] -- Installing: /home/ubuntu/ros2_ws/install/vo_system/share/ament_index/resource_index/package_run_dependencies/vo_system
[4.561s] -- Installing: /home/ubuntu/ros2_ws/install/vo_system/share/ament_index/resource_index/parent_prefix_path/vo_system
[4.562s] -- Installing: /home/ubuntu/ros2_ws/install/vo_system/share/vo_system/environment/ament_prefix_path.sh
[4.563s] -- Installing: /home/ubuntu/ros2_ws/install/vo_system/share/vo_system/environment/ament_prefix_path.dsv
[4.564s] -- Installing: /home/ubuntu/ros2_ws/install/vo_system/share/vo_system/environment/path.sh
[4.566s] -- Installing: /home/ubuntu/ros2_ws/install/vo_system/share/vo_system/environment/path.dsv
[4.567s] -- Installing: /home/ubuntu/ros2_ws/install/vo_system/share/vo_system/local_setup.bash
[4.568s] -- Installing: /home/ubuntu/ros2_ws/install/vo_system/share/vo_system/local_setup.sh
[4.569s] -- Installing: /home/ubuntu/ros2_ws/install/vo_system/share/vo_system/local_setup.zsh
[4.570s] -- Installing: /home/ubuntu/ros2_ws/install/vo_system/share/vo_system/local_setup.dsv
[4.571s] -- Installing: /home/ubuntu/ros2_ws/install/vo_system/share/vo_system/package.dsv
[4.572s] -- Installing: /home/ubuntu/ros2_ws/install/vo_system/share/ament_index/resource_index/packages/vo_system
[4.574s] -- Installing: /home/ubuntu/ros2_ws/install/vo_system/share/vo_system/cmake/vo_systemConfig.cmake
[4.575s] -- Installing: /home/ubuntu/ros2_ws/install/vo_system/share/vo_system/cmake/vo_systemConfig-version.cmake
[4.576s] -- Installing: /home/ubuntu/ros2_ws/install/vo_system/share/vo_system/package.xml
[4.582s] Invoked command in '/home/ubuntu/ros2_ws/build/vo_system' returned '0': CMAKE_PREFIX_PATH=${CMAKE_PREFIX_PATH}:/opt/ros/humble /usr/bin/cmake --install /home/ubuntu/ros2_ws/build/vo_system
