[2.689s] Invoking command in '/home/ubuntu/ros2_ws/src/simple_vo': PYTHONPATH=/home/ubuntu/ros2_ws/src/build/simple_vo/prefix_override:/usr/lib/python3/dist-packages/colcon_core/task/python/colcon_distutils_commands:/home/ubuntu/ros2_ws/src/install/simple_vo/lib/python3.10/site-packages:${PYTHONPATH} /usr/bin/python3 -W ignore:setup.py install is deprecated -W ignore:easy_install command is deprecated setup.py egg_info --egg-base ../build/simple_vo build --build-base /home/ubuntu/ros2_ws/src/build/simple_vo/build install --record /home/ubuntu/ros2_ws/src/build/simple_vo/install.log --single-version-externally-managed install_data
[3.673s] running egg_info
[3.676s] writing ../build/simple_vo/simple_vo.egg-info/PKG-INFO
[3.677s] writing dependency_links to ../build/simple_vo/simple_vo.egg-info/dependency_links.txt
[3.678s] writing entry points to ../build/simple_vo/simple_vo.egg-info/entry_points.txt
[3.679s] writing requirements to ../build/simple_vo/simple_vo.egg-info/requires.txt
[3.679s] writing top-level names to ../build/simple_vo/simple_vo.egg-info/top_level.txt
[3.687s] reading manifest file '../build/simple_vo/simple_vo.egg-info/SOURCES.txt'
[3.690s] writing manifest file '../build/simple_vo/simple_vo.egg-info/SOURCES.txt'
[3.691s] running build
[3.691s] running build_py
[3.692s] copying simple_vo/simple_vo_node.py -> /home/ubuntu/ros2_ws/src/build/simple_vo/build/lib/simple_vo
[3.694s] running install
[3.695s] running install_lib
[3.698s] copying /home/ubuntu/ros2_ws/src/build/simple_vo/build/lib/simple_vo/simple_vo_node.py -> /home/ubuntu/ros2_ws/src/install/simple_vo/lib/python3.10/site-packages/simple_vo
[3.701s] byte-compiling /home/ubuntu/ros2_ws/src/install/simple_vo/lib/python3.10/site-packages/simple_vo/simple_vo_node.py to simple_vo_node.cpython-310.pyc
[3.711s] running install_data
[3.711s] running install_egg_info
[3.718s] removing '/home/ubuntu/ros2_ws/src/install/simple_vo/lib/python3.10/site-packages/simple_vo-1.0.0-py3.10.egg-info' (and everything under it)
[3.721s] Copying ../build/simple_vo/simple_vo.egg-info to /home/ubuntu/ros2_ws/src/install/simple_vo/lib/python3.10/site-packages/simple_vo-1.0.0-py3.10.egg-info
[3.725s] running install_scripts
[3.805s] Installing simple_vo_node script to /home/ubuntu/ros2_ws/src/install/simple_vo/lib/simple_vo
[3.807s] writing list of installed files to '/home/ubuntu/ros2_ws/src/build/simple_vo/install.log'
[3.925s] Invoked command in '/home/ubuntu/ros2_ws/src/simple_vo' returned '0': PYTHONPATH=/home/ubuntu/ros2_ws/src/build/simple_vo/prefix_override:/usr/lib/python3/dist-packages/colcon_core/task/python/colcon_distutils_commands:/home/ubuntu/ros2_ws/src/install/simple_vo/lib/python3.10/site-packages:${PYTHONPATH} /usr/bin/python3 -W ignore:setup.py install is deprecated -W ignore:easy_install command is deprecated setup.py egg_info --egg-base ../build/simple_vo build --build-base /home/ubuntu/ros2_ws/src/build/simple_vo/build install --record /home/ubuntu/ros2_ws/src/build/simple_vo/install.log --single-version-externally-managed install_data
