running egg_info
writing ../../build/mission_node/mission_node.egg-info/PKG-INFO
writing dependency_links to ../../build/mission_node/mission_node.egg-info/dependency_links.txt
writing entry points to ../../build/mission_node/mission_node.egg-info/entry_points.txt
writing requirements to ../../build/mission_node/mission_node.egg-info/requires.txt
writing top-level names to ../../build/mission_node/mission_node.egg-info/top_level.txt
reading manifest file '../../build/mission_node/mission_node.egg-info/SOURCES.txt'
writing manifest file '../../build/mission_node/mission_node.egg-info/SOURCES.txt'
running build
running build_py
copying mission_node/odom_emulator.py -> /home/ubuntu/ros2_ws/build/mission_node/build/lib/mission_node
running install
running install_lib
copying /home/ubuntu/ros2_ws/build/mission_node/build/lib/mission_node/odom_emulator.py -> /home/ubuntu/ros2_ws/install/mission_node/lib/python3.10/site-packages/mission_node
byte-compiling /home/ubuntu/ros2_ws/install/mission_node/lib/python3.10/site-packages/mission_node/odom_emulator.py to odom_emulator.cpython-310.pyc
running install_data
running install_egg_info
removing '/home/ubuntu/ros2_ws/install/mission_node/lib/python3.10/site-packages/mission_node-1.0.0-py3.10.egg-info' (and everything under it)
Copying ../../build/mission_node/mission_node.egg-info to /home/ubuntu/ros2_ws/install/mission_node/lib/python3.10/site-packages/mission_node-1.0.0-py3.10.egg-info
running install_scripts
Installing mission_node script to /home/ubuntu/ros2_ws/install/mission_node/lib/mission_node
Installing odom_emulator script to /home/ubuntu/ros2_ws/install/mission_node/lib/mission_node
writing list of installed files to '/home/ubuntu/ros2_ws/build/mission_node/install.log'
