[2.496s] Invoking command in '/home/ubuntu/ros2_ws/src/mission_node': PYTHONPATH=/home/ubuntu/ros2_ws/build/mission_node/prefix_override:/usr/lib/python3/dist-packages/colcon_core/task/python/colcon_distutils_commands:/home/ubuntu/ros2_ws/install/mission_node/lib/python3.10/site-packages:${PYTHONPATH} /usr/bin/python3 -W ignore:setup.py install is deprecated -W ignore:easy_install command is deprecated setup.py egg_info --egg-base ../../build/mission_node build --build-base /home/ubuntu/ros2_ws/build/mission_node/build install --record /home/ubuntu/ros2_ws/build/mission_node/install.log --single-version-externally-managed install_data
[3.426s] running egg_info
[3.429s] writing ../../build/mission_node/mission_node.egg-info/PKG-INFO
[3.430s] writing dependency_links to ../../build/mission_node/mission_node.egg-info/dependency_links.txt
[3.431s] writing entry points to ../../build/mission_node/mission_node.egg-info/entry_points.txt
[3.432s] writing requirements to ../../build/mission_node/mission_node.egg-info/requires.txt
[3.432s] writing top-level names to ../../build/mission_node/mission_node.egg-info/top_level.txt
[3.440s] reading manifest file '../../build/mission_node/mission_node.egg-info/SOURCES.txt'
[3.443s] writing manifest file '../../build/mission_node/mission_node.egg-info/SOURCES.txt'
[3.444s] running build
[3.444s] running build_py
[3.445s] copying mission_node/odom_emulator.py -> /home/ubuntu/ros2_ws/build/mission_node/build/lib/mission_node
[3.447s] running install
[3.448s] running install_lib
[3.452s] copying /home/ubuntu/ros2_ws/build/mission_node/build/lib/mission_node/odom_emulator.py -> /home/ubuntu/ros2_ws/install/mission_node/lib/python3.10/site-packages/mission_node
[3.455s] byte-compiling /home/ubuntu/ros2_ws/install/mission_node/lib/python3.10/site-packages/mission_node/odom_emulator.py to odom_emulator.cpython-310.pyc
[3.459s] running install_data
[3.460s] running install_egg_info
[3.466s] removing '/home/ubuntu/ros2_ws/install/mission_node/lib/python3.10/site-packages/mission_node-1.0.0-py3.10.egg-info' (and everything under it)
[3.468s] Copying ../../build/mission_node/mission_node.egg-info to /home/ubuntu/ros2_ws/install/mission_node/lib/python3.10/site-packages/mission_node-1.0.0-py3.10.egg-info
[3.473s] running install_scripts
[3.551s] Installing mission_node script to /home/ubuntu/ros2_ws/install/mission_node/lib/mission_node
[3.552s] Installing odom_emulator script to /home/ubuntu/ros2_ws/install/mission_node/lib/mission_node
[3.554s] writing list of installed files to '/home/ubuntu/ros2_ws/build/mission_node/install.log'
[3.669s] Invoked command in '/home/ubuntu/ros2_ws/src/mission_node' returned '0': PYTHONPATH=/home/ubuntu/ros2_ws/build/mission_node/prefix_override:/usr/lib/python3/dist-packages/colcon_core/task/python/colcon_distutils_commands:/home/ubuntu/ros2_ws/install/mission_node/lib/python3.10/site-packages:${PYTHONPATH} /usr/bin/python3 -W ignore:setup.py install is deprecated -W ignore:easy_install command is deprecated setup.py egg_info --egg-base ../../build/mission_node build --build-base /home/ubuntu/ros2_ws/build/mission_node/build install --record /home/ubuntu/ros2_ws/build/mission_node/install.log --single-version-externally-managed install_data
