[2.486s] Invoking command in '/home/ubuntu/ros2_ws/src/simple_vo': PYTHONPATH=/home/ubuntu/ros2_ws/build/simple_vo/prefix_override:/usr/lib/python3/dist-packages/colcon_core/task/python/colcon_distutils_commands:/home/ubuntu/ros2_ws/install/simple_vo/lib/python3.10/site-packages:${PYTHONPATH} /usr/bin/python3 -W ignore:setup.py install is deprecated -W ignore:easy_install command is deprecated setup.py egg_info --egg-base ../../build/simple_vo build --build-base /home/ubuntu/ros2_ws/build/simple_vo/build install --record /home/ubuntu/ros2_ws/build/simple_vo/install.log --single-version-externally-managed install_data
[3.417s] running egg_info
[3.419s] creating ../../build/simple_vo/simple_vo.egg-info
[3.420s] writing ../../build/simple_vo/simple_vo.egg-info/PKG-INFO
[3.421s] writing dependency_links to ../../build/simple_vo/simple_vo.egg-info/dependency_links.txt
[3.421s] writing entry points to ../../build/simple_vo/simple_vo.egg-info/entry_points.txt
[3.422s] writing requirements to ../../build/simple_vo/simple_vo.egg-info/requires.txt
[3.422s] writing top-level names to ../../build/simple_vo/simple_vo.egg-info/top_level.txt
[3.423s] writing manifest file '../../build/simple_vo/simple_vo.egg-info/SOURCES.txt'
[3.429s] reading manifest file '../../build/simple_vo/simple_vo.egg-info/SOURCES.txt'
[3.432s] writing manifest file '../../build/simple_vo/simple_vo.egg-info/SOURCES.txt'
[3.433s] running build
[3.433s] running build_py
[3.434s] creating /home/ubuntu/ros2_ws/build/simple_vo/build
[3.435s] creating /home/ubuntu/ros2_ws/build/simple_vo/build/lib
[3.435s] creating /home/ubuntu/ros2_ws/build/simple_vo/build/lib/simple_vo
[3.435s] copying simple_vo/__init__.py -> /home/ubuntu/ros2_ws/build/simple_vo/build/lib/simple_vo
[3.436s] copying simple_vo/simple_vo_node.py -> /home/ubuntu/ros2_ws/build/simple_vo/build/lib/simple_vo
[3.436s] running install
[3.438s] running install_lib
[3.441s] creating /home/ubuntu/ros2_ws/install/simple_vo/lib/python3.10/site-packages/simple_vo
[3.441s] copying /home/ubuntu/ros2_ws/build/simple_vo/build/lib/simple_vo/__init__.py -> /home/ubuntu/ros2_ws/install/simple_vo/lib/python3.10/site-packages/simple_vo
[3.442s] copying /home/ubuntu/ros2_ws/build/simple_vo/build/lib/simple_vo/simple_vo_node.py -> /home/ubuntu/ros2_ws/install/simple_vo/lib/python3.10/site-packages/simple_vo
[3.445s] byte-compiling /home/ubuntu/ros2_ws/install/simple_vo/lib/python3.10/site-packages/simple_vo/__init__.py to __init__.cpython-310.pyc
[3.446s] byte-compiling /home/ubuntu/ros2_ws/install/simple_vo/lib/python3.10/site-packages/simple_vo/simple_vo_node.py to simple_vo_node.cpython-310.pyc
[3.452s] running install_data
[3.452s] creating /home/ubuntu/ros2_ws/install/simple_vo/share/ament_index
[3.453s] creating /home/ubuntu/ros2_ws/install/simple_vo/share/ament_index/resource_index
[3.453s] creating /home/ubuntu/ros2_ws/install/simple_vo/share/ament_index/resource_index/packages
[3.453s] copying resource/simple_vo -> /home/ubuntu/ros2_ws/install/simple_vo/share/ament_index/resource_index/packages
[3.454s] copying package.xml -> /home/ubuntu/ros2_ws/install/simple_vo/share/simple_vo
[3.454s] running install_egg_info
[3.461s] Copying ../../build/simple_vo/simple_vo.egg-info to /home/ubuntu/ros2_ws/install/simple_vo/lib/python3.10/site-packages/simple_vo-1.0.0-py3.10.egg-info
[3.466s] running install_scripts
[3.544s] Installing simple_vo_node script to /home/ubuntu/ros2_ws/install/simple_vo/lib/simple_vo
[3.545s] writing list of installed files to '/home/ubuntu/ros2_ws/build/simple_vo/install.log'
[3.662s] Invoked command in '/home/ubuntu/ros2_ws/src/simple_vo' returned '0': PYTHONPATH=/home/ubuntu/ros2_ws/build/simple_vo/prefix_override:/usr/lib/python3/dist-packages/colcon_core/task/python/colcon_distutils_commands:/home/ubuntu/ros2_ws/install/simple_vo/lib/python3.10/site-packages:${PYTHONPATH} /usr/bin/python3 -W ignore:setup.py install is deprecated -W ignore:easy_install command is deprecated setup.py egg_info --egg-base ../../build/simple_vo build --build-base /home/ubuntu/ros2_ws/build/simple_vo/build install --record /home/ubuntu/ros2_ws/build/simple_vo/install.log --single-version-externally-managed install_data
