running egg_info
creating ../build/mission_node/mission_node.egg-info
writing ../build/mission_node/mission_node.egg-info/PKG-INFO
writing dependency_links to ../build/mission_node/mission_node.egg-info/dependency_links.txt
writing entry points to ../build/mission_node/mission_node.egg-info/entry_points.txt
writing requirements to ../build/mission_node/mission_node.egg-info/requires.txt
writing top-level names to ../build/mission_node/mission_node.egg-info/top_level.txt
writing manifest file '../build/mission_node/mission_node.egg-info/SOURCES.txt'
reading manifest file '../build/mission_node/mission_node.egg-info/SOURCES.txt'
writing manifest file '../build/mission_node/mission_node.egg-info/SOURCES.txt'
running build
running build_py
creating /home/ubuntu/ros2_ws/src/build/mission_node/build
creating /home/ubuntu/ros2_ws/src/build/mission_node/build/lib
creating /home/ubuntu/ros2_ws/src/build/mission_node/build/lib/mission_node
copying mission_node/__init__.py -> /home/ubuntu/ros2_ws/src/build/mission_node/build/lib/mission_node
copying mission_node/mission_node.py -> /home/ubuntu/ros2_ws/src/build/mission_node/build/lib/mission_node
running install
running install_lib
creating /home/ubuntu/ros2_ws/src/install/mission_node/lib/python3.10/site-packages/mission_node
copying /home/ubuntu/ros2_ws/src/build/mission_node/build/lib/mission_node/__init__.py -> /home/ubuntu/ros2_ws/src/install/mission_node/lib/python3.10/site-packages/mission_node
copying /home/ubuntu/ros2_ws/src/build/mission_node/build/lib/mission_node/mission_node.py -> /home/ubuntu/ros2_ws/src/install/mission_node/lib/python3.10/site-packages/mission_node
byte-compiling /home/ubuntu/ros2_ws/src/install/mission_node/lib/python3.10/site-packages/mission_node/__init__.py to __init__.cpython-310.pyc
byte-compiling /home/ubuntu/ros2_ws/src/install/mission_node/lib/python3.10/site-packages/mission_node/mission_node.py to mission_node.cpython-310.pyc
running install_data
creating /home/ubuntu/ros2_ws/src/install/mission_node/share/ament_index
creating /home/ubuntu/ros2_ws/src/install/mission_node/share/ament_index/resource_index
creating /home/ubuntu/ros2_ws/src/install/mission_node/share/ament_index/resource_index/packages
copying resource/mission_node -> /home/ubuntu/ros2_ws/src/install/mission_node/share/ament_index/resource_index/packages
copying package.xml -> /home/ubuntu/ros2_ws/src/install/mission_node/share/mission_node
running install_egg_info
Copying ../build/mission_node/mission_node.egg-info to /home/ubuntu/ros2_ws/src/install/mission_node/lib/python3.10/site-packages/mission_node-1.0.0-py3.10.egg-info
running install_scripts
Installing mission_node script to /home/ubuntu/ros2_ws/src/install/mission_node/lib/mission_node
writing list of installed files to '/home/ubuntu/ros2_ws/src/build/mission_node/install.log'
