[2.894s] Invoking command in '/home/ubuntu/ros2_ws/src/mission_node': PYTHONPATH=/home/ubuntu/ros2_ws/src/build/mission_node/prefix_override:/usr/lib/python3/dist-packages/colcon_core/task/python/colcon_distutils_commands:/home/ubuntu/ros2_ws/src/install/mission_node/lib/python3.10/site-packages:${PYTHONPATH} /usr/bin/python3 -W ignore:setup.py install is deprecated -W ignore:easy_install command is deprecated setup.py egg_info --egg-base ../build/mission_node build --build-base /home/ubuntu/ros2_ws/src/build/mission_node/build install --record /home/ubuntu/ros2_ws/src/build/mission_node/install.log --single-version-externally-managed install_data
[3.799s] running egg_info
[3.801s] creating ../build/mission_node/mission_node.egg-info
[3.802s] writing ../build/mission_node/mission_node.egg-info/PKG-INFO
[3.803s] writing dependency_links to ../build/mission_node/mission_node.egg-info/dependency_links.txt
[3.803s] writing entry points to ../build/mission_node/mission_node.egg-info/entry_points.txt
[3.804s] writing requirements to ../build/mission_node/mission_node.egg-info/requires.txt
[3.805s] writing top-level names to ../build/mission_node/mission_node.egg-info/top_level.txt
[3.805s] writing manifest file '../build/mission_node/mission_node.egg-info/SOURCES.txt'
[3.812s] reading manifest file '../build/mission_node/mission_node.egg-info/SOURCES.txt'
[3.815s] writing manifest file '../build/mission_node/mission_node.egg-info/SOURCES.txt'
[3.815s] running build
[3.816s] running build_py
[3.816s] creating /home/ubuntu/ros2_ws/src/build/mission_node/build
[3.817s] creating /home/ubuntu/ros2_ws/src/build/mission_node/build/lib
[3.817s] creating /home/ubuntu/ros2_ws/src/build/mission_node/build/lib/mission_node
[3.818s] copying mission_node/__init__.py -> /home/ubuntu/ros2_ws/src/build/mission_node/build/lib/mission_node
[3.818s] copying mission_node/mission_node.py -> /home/ubuntu/ros2_ws/src/build/mission_node/build/lib/mission_node
[3.819s] running install
[3.820s] running install_lib
[3.824s] creating /home/ubuntu/ros2_ws/src/install/mission_node/lib/python3.10/site-packages/mission_node
[3.824s] copying /home/ubuntu/ros2_ws/src/build/mission_node/build/lib/mission_node/__init__.py -> /home/ubuntu/ros2_ws/src/install/mission_node/lib/python3.10/site-packages/mission_node
[3.825s] copying /home/ubuntu/ros2_ws/src/build/mission_node/build/lib/mission_node/mission_node.py -> /home/ubuntu/ros2_ws/src/install/mission_node/lib/python3.10/site-packages/mission_node
[3.828s] byte-compiling /home/ubuntu/ros2_ws/src/install/mission_node/lib/python3.10/site-packages/mission_node/__init__.py to __init__.cpython-310.pyc
[3.829s] byte-compiling /home/ubuntu/ros2_ws/src/install/mission_node/lib/python3.10/site-packages/mission_node/mission_node.py to mission_node.cpython-310.pyc
[3.835s] running install_data
[3.836s] creating /home/ubuntu/ros2_ws/src/install/mission_node/share/ament_index
[3.836s] creating /home/ubuntu/ros2_ws/src/install/mission_node/share/ament_index/resource_index
[3.836s] creating /home/ubuntu/ros2_ws/src/install/mission_node/share/ament_index/resource_index/packages
[3.837s] copying resource/mission_node -> /home/ubuntu/ros2_ws/src/install/mission_node/share/ament_index/resource_index/packages
[3.837s] copying package.xml -> /home/ubuntu/ros2_ws/src/install/mission_node/share/mission_node
[3.838s] running install_egg_info
[3.844s] Copying ../build/mission_node/mission_node.egg-info to /home/ubuntu/ros2_ws/src/install/mission_node/lib/python3.10/site-packages/mission_node-1.0.0-py3.10.egg-info
[3.850s] running install_scripts
[3.926s] Installing mission_node script to /home/ubuntu/ros2_ws/src/install/mission_node/lib/mission_node
[3.928s] writing list of installed files to '/home/ubuntu/ros2_ws/src/build/mission_node/install.log'
[4.061s] Invoked command in '/home/ubuntu/ros2_ws/src/mission_node' returned '0': PYTHONPATH=/home/ubuntu/ros2_ws/src/build/mission_node/prefix_override:/usr/lib/python3/dist-packages/colcon_core/task/python/colcon_distutils_commands:/home/ubuntu/ros2_ws/src/install/mission_node/lib/python3.10/site-packages:${PYTHONPATH} /usr/bin/python3 -W ignore:setup.py install is deprecated -W ignore:easy_install command is deprecated setup.py egg_info --egg-base ../build/mission_node build --build-base /home/ubuntu/ros2_ws/src/build/mission_node/build install --record /home/ubuntu/ros2_ws/src/build/mission_node/install.log --single-version-externally-managed install_data
