[0.044s] Invoking command in '/home/ubuntu/ros2_ws/build/msp_bridge': CMAKE_PREFIX_PATH=${CMAKE_PREFIX_PATH}:/opt/ros/humble /usr/bin/cmake --build /home/ubuntu/ros2_ws/build/msp_bridge -- -j4 -l4
[0.222s] [35m[1mConsolidate compiler generated dependencies of target msp_bridge_node[0m
[0.312s] [ 50%] [32mBuilding CXX object CMakeFiles/msp_bridge_node.dir/src/msp_bridge.cpp.o[0m
[31.523s] [100%] [32m[1mLinking CXX executable msp_bridge_node[0m
[33.386s] [100%] Built target msp_bridge_node
[33.425s] Invoked command in '/home/ubuntu/ros2_ws/build/msp_bridge' returned '0': CMAKE_PREFIX_PATH=${CMAKE_PREFIX_PATH}:/opt/ros/humble /usr/bin/cmake --build /home/ubuntu/ros2_ws/build/msp_bridge -- -j4 -l4
[33.466s] Invoking command in '/home/ubuntu/ros2_ws/build/msp_bridge': CMAKE_PREFIX_PATH=${CMAKE_PREFIX_PATH}:/opt/ros/humble /usr/bin/cmake --install /home/ubuntu/ros2_ws/build/msp_bridge
[33.491s] -- Install configuration: ""
[33.492s] -- Installing: /home/ubuntu/ros2_ws/install/msp_bridge/lib/msp_bridge/msp_bridge_node
[33.520s] -- Set runtime path of "/home/ubuntu/ros2_ws/install/msp_bridge/lib/msp_bridge/msp_bridge_node" to ""
[33.521s] -- Up-to-date: /home/ubuntu/ros2_ws/install/msp_bridge/share/ament_index/resource_index/package_run_dependencies/msp_bridge
[33.521s] -- Up-to-date: /home/ubuntu/ros2_ws/install/msp_bridge/share/ament_index/resource_index/parent_prefix_path/msp_bridge
[33.522s] -- Up-to-date: /home/ubuntu/ros2_ws/install/msp_bridge/share/msp_bridge/environment/ament_prefix_path.sh
[33.522s] -- Up-to-date: /home/ubuntu/ros2_ws/install/msp_bridge/share/msp_bridge/environment/ament_prefix_path.dsv
[33.523s] -- Up-to-date: /home/ubuntu/ros2_ws/install/msp_bridge/share/msp_bridge/environment/path.sh
[33.523s] -- Up-to-date: /home/ubuntu/ros2_ws/install/msp_bridge/share/msp_bridge/environment/path.dsv
[33.523s] -- Up-to-date: /home/ubuntu/ros2_ws/install/msp_bridge/share/msp_bridge/local_setup.bash
[33.524s] -- Up-to-date: /home/ubuntu/ros2_ws/install/msp_bridge/share/msp_bridge/local_setup.sh
[33.525s] -- Up-to-date: /home/ubuntu/ros2_ws/install/msp_bridge/share/msp_bridge/local_setup.zsh
[33.525s] -- Up-to-date: /home/ubuntu/ros2_ws/install/msp_bridge/share/msp_bridge/local_setup.dsv
[33.525s] -- Installing: /home/ubuntu/ros2_ws/install/msp_bridge/share/msp_bridge/package.dsv
[33.526s] -- Up-to-date: /home/ubuntu/ros2_ws/install/msp_bridge/share/ament_index/resource_index/packages/msp_bridge
[33.526s] -- Up-to-date: /home/ubuntu/ros2_ws/install/msp_bridge/share/msp_bridge/cmake/msp_bridgeConfig.cmake
[33.526s] -- Up-to-date: /home/ubuntu/ros2_ws/install/msp_bridge/share/msp_bridge/cmake/msp_bridgeConfig-version.cmake
[33.527s] -- Up-to-date: /home/ubuntu/ros2_ws/install/msp_bridge/share/msp_bridge/package.xml
[33.532s] Invoked command in '/home/ubuntu/ros2_ws/build/msp_bridge' returned '0': CMAKE_PREFIX_PATH=${CMAKE_PREFIX_PATH}:/opt/ros/humble /usr/bin/cmake --install /home/ubuntu/ros2_ws/build/msp_bridge
