[01m[K/home/ubuntu/ros2_ws/src/msp_bridge/src/msp_bridge.cpp:177:38:[m[K [01;31m[Kerror: [m[Kexpected ‘[01m[K}[m[K’ at end of input
  177 |         payload.push_back(vacc & 0xFF
      |                                      [01;31m[K^[m[K
[01m[K/home/ubuntu/ros2_ws/src/msp_bridge/src/msp_bridge.cpp:12:43:[m[K [01;36m[Knote: [m[Kto match this ‘[01m[K{[m[K’
   12 | class GPSBridgeNode : public rclcpp::Node [01;36m[K{[m[K
      |                                           [01;36m[K^[m[K
[01m[K/home/ubuntu/ros2_ws/src/msp_bridge/src/msp_bridge.cpp:[m[K In constructor ‘[01m[KGPSBridgeNode::GPSBridgeNode()[m[K’:
[01m[K/home/ubuntu/ros2_ws/src/msp_bridge/src/msp_bridge.cpp:14:43:[m[K [01;31m[Kerror: [m[Kclass ‘[01m[KGPSBridgeNode[m[K’ does not have any field named ‘[01m[Kuart_fd_[m[K’
   14 |     GPSBridgeNode() : Node("gps_bridge"), [01;31m[Kuart_fd_[m[K(-1) {
      |                                           [01;31m[K^~~~~~~~[m[K
[01m[K/home/ubuntu/ros2_ws/src/msp_bridge/src/msp_bridge.cpp:25:9:[m[K [01;31m[Kerror: [m[K‘[01m[Kbase_lat_[m[K’ was not declared in this scope
   25 |         [01;31m[Kbase_lat_[m[K = get_parameter("base_lat").as_double();
      |         [01;31m[K^~~~~~~~~[m[K
[01m[K/home/ubuntu/ros2_ws/src/msp_bridge/src/msp_bridge.cpp:26:9:[m[K [01;31m[Kerror: [m[K‘[01m[Kbase_lon_[m[K’ was not declared in this scope
   26 |         [01;31m[Kbase_lon_[m[K = get_parameter("base_lon").as_double();
      |         [01;31m[K^~~~~~~~~[m[K
[01m[K/home/ubuntu/ros2_ws/src/msp_bridge/src/msp_bridge.cpp:27:9:[m[K [01;31m[Kerror: [m[K‘[01m[Kbase_alt_[m[K’ was not declared in this scope
   27 |         [01;31m[Kbase_alt_[m[K = get_parameter("base_alt").as_double();
      |         [01;31m[K^~~~~~~~~[m[K
[01m[K/home/ubuntu/ros2_ws/src/msp_bridge/src/msp_bridge.cpp:35:9:[m[K [01;31m[Kerror: [m[K‘[01m[Kodom_sub_[m[K’ was not declared in this scope
   35 |         [01;31m[Kodom_sub_[m[K = this->create_subscription<nav_msgs::msg::Odometry>(
      |         [01;31m[K^~~~~~~~~[m[K
[01m[K/home/ubuntu/ros2_ws/src/msp_bridge/src/msp_bridge.cpp:37:39:[m[K [01;31m[Kerror: [m[K‘[01m[Kodom_callback[m[K’ is not a member of ‘[01m[KGPSBridgeNode[m[K’
   37 |             std::bind(&GPSBridgeNode::[01;31m[Kodom_callback[m[K, this, std::placeholders::_1)
      |                                       [01;31m[K^~~~~~~~~~~~~[m[K
[01m[K/home/ubuntu/ros2_ws/src/msp_bridge/src/msp_bridge.cpp:[m[K In destructor ‘[01m[Kvirtual GPSBridgeNode::~GPSBridgeNode()[m[K’:
[01m[K/home/ubuntu/ros2_ws/src/msp_bridge/src/msp_bridge.cpp:44:13:[m[K [01;31m[Kerror: [m[K‘[01m[Kuart_fd_[m[K’ was not declared in this scope
   44 |         if ([01;31m[Kuart_fd_[m[K >= 0) close(uart_fd_);
      |             [01;31m[K^~~~~~~~[m[K
[01m[K/home/ubuntu/ros2_ws/src/msp_bridge/src/msp_bridge.cpp:[m[K In member function ‘[01m[Kbool GPSBridgeNode::init_uart(const string&, int)[m[K’:
[01m[K/home/ubuntu/ros2_ws/src/msp_bridge/src/msp_bridge.cpp:49:9:[m[K [01;31m[Kerror: [m[K‘[01m[Kuart_fd_[m[K’ was not declared in this scope
   49 |         [01;31m[Kuart_fd_[m[K = open(port.c_str(), O_RDWR | O_NOCTTY | O_NDELAY);
      |         [01;31m[K^~~~~~~~[m[K
[01m[K/home/ubuntu/ros2_ws/src/msp_bridge/src/msp_bridge.cpp:[m[K In member function ‘[01m[Kvoid GPSBridgeNode::send_ublox_nav_pvt(int32_t, int32_t, int32_t, uint8_t)[m[K’:
[01m[K/home/ubuntu/ros2_ws/src/msp_bridge/src/msp_bridge.cpp:177:38:[m[K [01;31m[Kerror: [m[Kexpected ‘[01m[K)[m[K’ at end of input
  177 |         payload.push_back(vacc & 0xFF
      |                                      [01;31m[K^[m[K
[01m[K/home/ubuntu/ros2_ws/src/msp_bridge/src/msp_bridge.cpp:177:26:[m[K [01;36m[Knote: [m[Kto match this ‘[01m[K([m[K’
  177 |         payload.push_back[01;36m[K([m[Kvacc & 0xFF
      |                          [01;36m[K^[m[K
[01m[K/home/ubuntu/ros2_ws/src/msp_bridge/src/msp_bridge.cpp:177:38:[m[K [01;31m[Kerror: [m[Kexpected ‘[01m[K}[m[K’ at end of input
  177 |         payload.push_back(vacc & 0xFF
      |                                      [01;31m[K^[m[K
[01m[K/home/ubuntu/ros2_ws/src/msp_bridge/src/msp_bridge.cpp:96:93:[m[K [01;36m[Knote: [m[Kto match this ‘[01m[K{[m[K’
   96 |     void send_ublox_nav_pvt(int32_t lat, int32_t lon, int32_t alt_mm, uint8_t fix_type = 3) [01;36m[K{[m[K
      |                                                                                             [01;36m[K^[m[K
[01m[K/home/ubuntu/ros2_ws/src/msp_bridge/src/msp_bridge.cpp:[m[K At global scope:
[01m[K/home/ubuntu/ros2_ws/src/msp_bridge/src/msp_bridge.cpp:177:38:[m[K [01;31m[Kerror: [m[Kexpected unqualified-id at end of input
  177 |         payload.push_back(vacc & 0xFF
      |                                      [01;31m[K^[m[K
gmake[2]: *** [CMakeFiles/msp_bridge_node.dir/build.make:76: CMakeFiles/msp_bridge_node.dir/src/msp_bridge.cpp.o] Error 1
gmake[1]: *** [CMakeFiles/Makefile2:137: CMakeFiles/msp_bridge_node.dir/all] Error 2
gmake: *** [Makefile:146: all] Error 2
