[0.448s] DEBUG:colcon:Command line arguments: ['/usr/bin/colcon', 'build', '--packages-select', 'simple_vo']
[0.448s] DEBUG:colcon:Parsed command line arguments: Namespace(log_base=None, log_level=None, verb_name='build', build_base='build', install_base='install', merge_install=False, symlink_install=False, test_result_base=None, continue_on_error=False, executor='parallel', parallel_workers=4, event_handlers=None, ignore_user_meta=False, metas=['./colcon.meta'], base_paths=['.'], packages_ignore=None, packages_ignore_regex=None, paths=None, packages_up_to=None, packages_up_to_regex=None, packages_above=None, packages_above_and_dependencies=None, packages_above_depth=None, packages_select_by_dep=None, packages_skip_by_dep=None, packages_skip_up_to=None, packages_select_build_failed=False, packages_skip_build_finished=False, packages_select_test_failures=False, packages_skip_test_passed=False, packages_select=['simple_vo'], packages_skip=None, packages_select_regex=None, packages_skip_regex=None, packages_start=None, packages_end=None, allow_overriding=[], cmake_args=None, cmake_target=None, cmake_target_skip_unavailable=False, cmake_clean_cache=False, cmake_clean_first=False, cmake_force_configure=False, ament_cmake_args=None, catkin_cmake_args=None, catkin_skip_building_tests=False, verb_parser=<colcon_defaults.argument_parser.defaults.DefaultArgumentsDecorator object at 0xffff8e4a71f0>, verb_extension=<colcon_core.verb.build.BuildVerb object at 0xffff8e5d4700>, main=<bound method BuildVerb.main of <colcon_core.verb.build.BuildVerb object at 0xffff8e5d4700>>)
[1.140s] Level 1:colcon.colcon_core.package_discovery:discover_packages(colcon_meta) check parameters
[1.140s] Level 1:colcon.colcon_core.package_discovery:discover_packages(recursive) check parameters
[1.141s] Level 1:colcon.colcon_core.package_discovery:discover_packages(ignore) check parameters
[1.141s] Level 1:colcon.colcon_core.package_discovery:discover_packages(path) check parameters
[1.141s] Level 1:colcon.colcon_core.package_discovery:discover_packages(colcon_meta) discover
[1.141s] Level 1:colcon.colcon_core.package_discovery:discover_packages(recursive) discover
[1.141s] INFO:colcon.colcon_core.package_discovery:Crawling recursively for packages in '/home/ubuntu/ros2_ws/src'
[1.142s] Level 1:colcon.colcon_core.package_identification:_identify(.) by extensions ['ignore', 'ignore_ament_install']
[1.142s] Level 1:colcon.colcon_core.package_identification:_identify(.) by extension 'ignore'
[1.142s] Level 1:colcon.colcon_core.package_identification:_identify(.) by extension 'ignore_ament_install'
[1.142s] Level 1:colcon.colcon_core.package_identification:_identify(.) by extensions ['colcon_pkg']
[1.143s] Level 1:colcon.colcon_core.package_identification:_identify(.) by extension 'colcon_pkg'
[1.143s] Level 1:colcon.colcon_core.package_identification:_identify(.) by extensions ['colcon_meta']
[1.143s] Level 1:colcon.colcon_core.package_identification:_identify(.) by extension 'colcon_meta'
[1.143s] Level 1:colcon.colcon_core.package_identification:_identify(.) by extensions ['ros']
[1.143s] Level 1:colcon.colcon_core.package_identification:_identify(.) by extension 'ros'
[1.189s] Level 1:colcon.colcon_core.package_identification:_identify(.) by extensions ['cmake', 'python']
[1.190s] Level 1:colcon.colcon_core.package_identification:_identify(.) by extension 'cmake'
[1.190s] Level 1:colcon.colcon_core.package_identification:_identify(.) by extension 'python'
[1.190s] Level 1:colcon.colcon_core.package_identification:_identify(.) by extensions ['python_setup_py']
[1.190s] Level 1:colcon.colcon_core.package_identification:_identify(.) by extension 'python_setup_py'
[1.191s] Level 1:colcon.colcon_core.package_identification:_identify(build) by extensions ['ignore', 'ignore_ament_install']
[1.191s] Level 1:colcon.colcon_core.package_identification:_identify(build) by extension 'ignore'
[1.191s] Level 1:colcon.colcon_core.package_identification:_identify(build) ignored
[1.192s] Level 1:colcon.colcon_core.package_identification:_identify(icm20948_driver) by extensions ['ignore', 'ignore_ament_install']
[1.192s] Level 1:colcon.colcon_core.package_identification:_identify(icm20948_driver) by extension 'ignore'
[1.192s] Level 1:colcon.colcon_core.package_identification:_identify(icm20948_driver) by extension 'ignore_ament_install'
[1.193s] Level 1:colcon.colcon_core.package_identification:_identify(icm20948_driver) by extensions ['colcon_pkg']
[1.193s] Level 1:colcon.colcon_core.package_identification:_identify(icm20948_driver) by extension 'colcon_pkg'
[1.193s] Level 1:colcon.colcon_core.package_identification:_identify(icm20948_driver) by extensions ['colcon_meta']
[1.193s] Level 1:colcon.colcon_core.package_identification:_identify(icm20948_driver) by extension 'colcon_meta'
[1.193s] Level 1:colcon.colcon_core.package_identification:_identify(icm20948_driver) by extensions ['ros']
[1.193s] Level 1:colcon.colcon_core.package_identification:_identify(icm20948_driver) by extension 'ros'
[1.208s] DEBUG:colcon.colcon_core.package_identification:Package 'icm20948_driver' with type 'ros.ament_cmake' and name 'icm20948_driver'
[1.209s] Level 1:colcon.colcon_core.package_identification:_identify(install) by extensions ['ignore', 'ignore_ament_install']
[1.209s] Level 1:colcon.colcon_core.package_identification:_identify(install) by extension 'ignore'
[1.209s] Level 1:colcon.colcon_core.package_identification:_identify(install) ignored
[1.210s] Level 1:colcon.colcon_core.package_identification:_identify(log) by extensions ['ignore', 'ignore_ament_install']
[1.210s] Level 1:colcon.colcon_core.package_identification:_identify(log) by extension 'ignore'
[1.210s] Level 1:colcon.colcon_core.package_identification:_identify(log) ignored
[1.211s] Level 1:colcon.colcon_core.package_identification:_identify(mission_node) by extensions ['ignore', 'ignore_ament_install']
[1.211s] Level 1:colcon.colcon_core.package_identification:_identify(mission_node) by extension 'ignore'
[1.211s] Level 1:colcon.colcon_core.package_identification:_identify(mission_node) by extension 'ignore_ament_install'
[1.211s] Level 1:colcon.colcon_core.package_identification:_identify(mission_node) by extensions ['colcon_pkg']
[1.211s] Level 1:colcon.colcon_core.package_identification:_identify(mission_node) by extension 'colcon_pkg'
[1.212s] Level 1:colcon.colcon_core.package_identification:_identify(mission_node) by extensions ['colcon_meta']
[1.212s] Level 1:colcon.colcon_core.package_identification:_identify(mission_node) by extension 'colcon_meta'
[1.212s] Level 1:colcon.colcon_core.package_identification:_identify(mission_node) by extensions ['ros']
[1.212s] Level 1:colcon.colcon_core.package_identification:_identify(mission_node) by extension 'ros'
[1.215s] DEBUG:colcon.colcon_core.package_identification:Package 'mission_node' with type 'ros.ament_python' and name 'mission_node'
[1.216s] Level 1:colcon.colcon_core.package_identification:_identify(msp_bridge) by extensions ['ignore', 'ignore_ament_install']
[1.216s] Level 1:colcon.colcon_core.package_identification:_identify(msp_bridge) by extension 'ignore'
[1.216s] Level 1:colcon.colcon_core.package_identification:_identify(msp_bridge) by extension 'ignore_ament_install'
[1.217s] Level 1:colcon.colcon_core.package_identification:_identify(msp_bridge) by extensions ['colcon_pkg']
[1.217s] Level 1:colcon.colcon_core.package_identification:_identify(msp_bridge) by extension 'colcon_pkg'
[1.217s] Level 1:colcon.colcon_core.package_identification:_identify(msp_bridge) by extensions ['colcon_meta']
[1.217s] Level 1:colcon.colcon_core.package_identification:_identify(msp_bridge) by extension 'colcon_meta'
[1.217s] Level 1:colcon.colcon_core.package_identification:_identify(msp_bridge) by extensions ['ros']
[1.217s] Level 1:colcon.colcon_core.package_identification:_identify(msp_bridge) by extension 'ros'
[1.220s] DEBUG:colcon.colcon_core.package_identification:Package 'msp_bridge' with type 'ros.ament_cmake' and name 'msp_bridge'
[1.221s] Level 1:colcon.colcon_core.package_identification:_identify(simple_vo) by extensions ['ignore', 'ignore_ament_install']
[1.221s] Level 1:colcon.colcon_core.package_identification:_identify(simple_vo) by extension 'ignore'
[1.222s] Level 1:colcon.colcon_core.package_identification:_identify(simple_vo) by extension 'ignore_ament_install'
[1.222s] Level 1:colcon.colcon_core.package_identification:_identify(simple_vo) by extensions ['colcon_pkg']
[1.222s] Level 1:colcon.colcon_core.package_identification:_identify(simple_vo) by extension 'colcon_pkg'
[1.222s] Level 1:colcon.colcon_core.package_identification:_identify(simple_vo) by extensions ['colcon_meta']
[1.222s] Level 1:colcon.colcon_core.package_identification:_identify(simple_vo) by extension 'colcon_meta'
[1.223s] Level 1:colcon.colcon_core.package_identification:_identify(simple_vo) by extensions ['ros']
[1.223s] Level 1:colcon.colcon_core.package_identification:_identify(simple_vo) by extension 'ros'
[1.226s] DEBUG:colcon.colcon_core.package_identification:Package 'simple_vo' with type 'ros.ament_python' and name 'simple_vo'
[1.227s] Level 1:colcon.colcon_core.package_identification:_identify(vo_system) by extensions ['ignore', 'ignore_ament_install']
[1.227s] Level 1:colcon.colcon_core.package_identification:_identify(vo_system) by extension 'ignore'
[1.227s] Level 1:colcon.colcon_core.package_identification:_identify(vo_system) by extension 'ignore_ament_install'
[1.228s] Level 1:colcon.colcon_core.package_identification:_identify(vo_system) by extensions ['colcon_pkg']
[1.228s] Level 1:colcon.colcon_core.package_identification:_identify(vo_system) by extension 'colcon_pkg'
[1.228s] Level 1:colcon.colcon_core.package_identification:_identify(vo_system) by extensions ['colcon_meta']
[1.228s] Level 1:colcon.colcon_core.package_identification:_identify(vo_system) by extension 'colcon_meta'
[1.228s] Level 1:colcon.colcon_core.package_identification:_identify(vo_system) by extensions ['ros']
[1.228s] Level 1:colcon.colcon_core.package_identification:_identify(vo_system) by extension 'ros'
[1.230s] DEBUG:colcon.colcon_core.package_identification:Package 'vo_system' with type 'ros.ament_cmake' and name 'vo_system'
[1.231s] Level 1:colcon.colcon_core.package_discovery:discover_packages(recursive) using defaults
[1.231s] Level 1:colcon.colcon_core.package_discovery:discover_packages(ignore) discover
[1.231s] Level 1:colcon.colcon_core.package_discovery:discover_packages(ignore) using defaults
[1.231s] Level 1:colcon.colcon_core.package_discovery:discover_packages(path) discover
[1.231s] Level 1:colcon.colcon_core.package_discovery:discover_packages(path) using defaults
[1.310s] INFO:colcon.colcon_core.package_selection:Skipping not selected package 'icm20948_driver' in 'icm20948_driver'
[1.310s] INFO:colcon.colcon_core.package_selection:Skipping not selected package 'mission_node' in 'mission_node'
[1.310s] INFO:colcon.colcon_core.package_selection:Skipping not selected package 'msp_bridge' in 'msp_bridge'
[1.311s] INFO:colcon.colcon_core.package_selection:Skipping not selected package 'vo_system' in 'vo_system'
[1.312s] Level 1:colcon.colcon_core.package_discovery:discover_packages(prefix_path) check parameters
[1.312s] Level 1:colcon.colcon_core.package_discovery:discover_packages(prefix_path) discover
[1.323s] DEBUG:colcon.colcon_installed_package_information.package_discovery:Found 2 installed packages in /home/ubuntu/ros2_ws/src/install
[1.326s] DEBUG:colcon.colcon_installed_package_information.package_discovery:Found 5 installed packages in /home/ubuntu/ros2_ws/install
[1.333s] DEBUG:colcon.colcon_installed_package_information.package_discovery:Found 195 installed packages in /opt/ros/humble
[1.338s] Level 1:colcon.colcon_core.package_discovery:discover_packages(prefix_path) using defaults
[1.498s] Level 5:colcon.colcon_core.verb:set package 'simple_vo' build argument 'cmake_args' from command line to 'None'
[1.499s] Level 5:colcon.colcon_core.verb:set package 'simple_vo' build argument 'cmake_target' from command line to 'None'
[1.499s] Level 5:colcon.colcon_core.verb:set package 'simple_vo' build argument 'cmake_target_skip_unavailable' from command line to 'False'
[1.499s] Level 5:colcon.colcon_core.verb:set package 'simple_vo' build argument 'cmake_clean_cache' from command line to 'False'
[1.499s] Level 5:colcon.colcon_core.verb:set package 'simple_vo' build argument 'cmake_clean_first' from command line to 'False'
[1.499s] Level 5:colcon.colcon_core.verb:set package 'simple_vo' build argument 'cmake_force_configure' from command line to 'False'
[1.499s] Level 5:colcon.colcon_core.verb:set package 'simple_vo' build argument 'ament_cmake_args' from command line to 'None'
[1.499s] Level 5:colcon.colcon_core.verb:set package 'simple_vo' build argument 'catkin_cmake_args' from command line to 'None'
[1.499s] Level 5:colcon.colcon_core.verb:set package 'simple_vo' build argument 'catkin_skip_building_tests' from command line to 'False'
[1.499s] DEBUG:colcon.colcon_core.verb:Building package 'simple_vo' with the following arguments: {'ament_cmake_args': None, 'build_base': '/home/ubuntu/ros2_ws/src/build/simple_vo', 'catkin_cmake_args': None, 'catkin_skip_building_tests': False, 'cmake_args': None, 'cmake_clean_cache': False, 'cmake_clean_first': False, 'cmake_force_configure': False, 'cmake_target': None, 'cmake_target_skip_unavailable': False, 'install_base': '/home/ubuntu/ros2_ws/src/install/simple_vo', 'merge_install': False, 'path': '/home/ubuntu/ros2_ws/src/simple_vo', 'symlink_install': False, 'test_result_base': None}
[1.500s] INFO:colcon.colcon_core.executor:Executing jobs using 'parallel' executor
[1.503s] DEBUG:colcon.colcon_parallel_executor.executor.parallel:run_until_complete
[1.504s] INFO:colcon.colcon_ros.task.ament_python.build:Building ROS package in '/home/ubuntu/ros2_ws/src/simple_vo' with build type 'ament_python'
[1.504s] Level 1:colcon.colcon_core.shell:create_environment_hook('simple_vo', 'ament_prefix_path')
[1.514s] INFO:colcon.colcon_core.plugin_system:Skipping extension 'colcon_core.shell.bat': Not used on non-Windows systems
[1.515s] INFO:colcon.colcon_core.shell:Creating environment hook '/home/ubuntu/ros2_ws/src/install/simple_vo/share/simple_vo/hook/ament_prefix_path.ps1'
[1.518s] INFO:colcon.colcon_core.shell:Creating environment descriptor '/home/ubuntu/ros2_ws/src/install/simple_vo/share/simple_vo/hook/ament_prefix_path.dsv'
[1.521s] INFO:colcon.colcon_core.shell:Creating environment hook '/home/ubuntu/ros2_ws/src/install/simple_vo/share/simple_vo/hook/ament_prefix_path.sh'
[1.525s] INFO:colcon.colcon_core.shell:Skip shell extension 'powershell' for command environment: Not usable outside of PowerShell
[1.525s] DEBUG:colcon.colcon_core.shell:Skip shell extension 'dsv' for command environment
[2.611s] INFO:colcon.colcon_core.task.python.build:Building Python package in '/home/ubuntu/ros2_ws/src/simple_vo'
[2.612s] INFO:colcon.colcon_core.shell:Skip shell extension 'powershell' for command environment: Not usable outside of PowerShell
[2.613s] DEBUG:colcon.colcon_core.shell:Skip shell extension 'dsv' for command environment
[4.147s] DEBUG:colcon.colcon_core.event_handler.log_command:Invoking command in '/home/ubuntu/ros2_ws/src/simple_vo': PYTHONPATH=/home/ubuntu/ros2_ws/src/build/simple_vo/prefix_override:/usr/lib/python3/dist-packages/colcon_core/task/python/colcon_distutils_commands:/home/ubuntu/ros2_ws/src/install/simple_vo/lib/python3.10/site-packages:${PYTHONPATH} /usr/bin/python3 -W ignore:setup.py install is deprecated -W ignore:easy_install command is deprecated setup.py egg_info --egg-base ../build/simple_vo build --build-base /home/ubuntu/ros2_ws/src/build/simple_vo/build install --record /home/ubuntu/ros2_ws/src/build/simple_vo/install.log --single-version-externally-managed install_data
[5.383s] DEBUG:colcon.colcon_core.event_handler.log_command:Invoked command in '/home/ubuntu/ros2_ws/src/simple_vo' returned '0': PYTHONPATH=/home/ubuntu/ros2_ws/src/build/simple_vo/prefix_override:/usr/lib/python3/dist-packages/colcon_core/task/python/colcon_distutils_commands:/home/ubuntu/ros2_ws/src/install/simple_vo/lib/python3.10/site-packages:${PYTHONPATH} /usr/bin/python3 -W ignore:setup.py install is deprecated -W ignore:easy_install command is deprecated setup.py egg_info --egg-base ../build/simple_vo build --build-base /home/ubuntu/ros2_ws/src/build/simple_vo/build install --record /home/ubuntu/ros2_ws/src/build/simple_vo/install.log --single-version-externally-managed install_data
[5.395s] Level 1:colcon.colcon_core.environment:checking '/home/ubuntu/ros2_ws/src/install/simple_vo' for CMake module files
[5.398s] Level 1:colcon.colcon_core.environment:checking '/home/ubuntu/ros2_ws/src/install/simple_vo' for CMake config files
[5.402s] Level 1:colcon.colcon_core.environment:checking '/home/ubuntu/ros2_ws/src/install/simple_vo/lib'
[5.403s] Level 1:colcon.colcon_core.environment:checking '/home/ubuntu/ros2_ws/src/install/simple_vo/bin'
[5.403s] Level 1:colcon.colcon_core.environment:checking '/home/ubuntu/ros2_ws/src/install/simple_vo/lib/pkgconfig/simple_vo.pc'
[5.404s] Level 1:colcon.colcon_core.environment:checking '/home/ubuntu/ros2_ws/src/install/simple_vo/lib/python3.10/site-packages'
[5.404s] Level 1:colcon.colcon_core.shell:create_environment_hook('simple_vo', 'pythonpath')
[5.405s] INFO:colcon.colcon_core.shell:Creating environment hook '/home/ubuntu/ros2_ws/src/install/simple_vo/share/simple_vo/hook/pythonpath.ps1'
[5.407s] INFO:colcon.colcon_core.shell:Creating environment descriptor '/home/ubuntu/ros2_ws/src/install/simple_vo/share/simple_vo/hook/pythonpath.dsv'
[5.409s] INFO:colcon.colcon_core.shell:Creating environment hook '/home/ubuntu/ros2_ws/src/install/simple_vo/share/simple_vo/hook/pythonpath.sh'
[5.412s] Level 1:colcon.colcon_core.environment:checking '/home/ubuntu/ros2_ws/src/install/simple_vo/bin'
[5.413s] Level 1:colcon.colcon_core.environment:create_environment_scripts_only(simple_vo)
[5.414s] INFO:colcon.colcon_core.shell:Creating package script '/home/ubuntu/ros2_ws/src/install/simple_vo/share/simple_vo/package.ps1'
[5.419s] INFO:colcon.colcon_core.shell:Creating package descriptor '/home/ubuntu/ros2_ws/src/install/simple_vo/share/simple_vo/package.dsv'
[5.422s] INFO:colcon.colcon_core.shell:Creating package script '/home/ubuntu/ros2_ws/src/install/simple_vo/share/simple_vo/package.sh'
[5.425s] INFO:colcon.colcon_core.shell:Creating package script '/home/ubuntu/ros2_ws/src/install/simple_vo/share/simple_vo/package.bash'
[5.429s] INFO:colcon.colcon_core.shell:Creating package script '/home/ubuntu/ros2_ws/src/install/simple_vo/share/simple_vo/package.zsh'
[5.433s] Level 1:colcon.colcon_core.environment:create_file_with_runtime_dependencies(/home/ubuntu/ros2_ws/src/install/simple_vo/share/colcon-core/packages/simple_vo)
[5.434s] DEBUG:colcon.colcon_parallel_executor.executor.parallel:closing loop
[5.435s] DEBUG:colcon.colcon_parallel_executor.executor.parallel:loop closed
[5.436s] DEBUG:colcon.colcon_parallel_executor.executor.parallel:run_until_complete finished with '0'
[5.436s] DEBUG:colcon.colcon_core.event_reactor:joining thread
[5.438s] DEBUG:colcon.colcon_core.event_reactor:joined thread
[5.439s] INFO:colcon.colcon_core.shell:Creating prefix script '/home/ubuntu/ros2_ws/src/install/local_setup.ps1'
[5.450s] INFO:colcon.colcon_core.shell:Creating prefix util module '/home/ubuntu/ros2_ws/src/install/_local_setup_util_ps1.py'
[5.460s] INFO:colcon.colcon_core.shell:Creating prefix chain script '/home/ubuntu/ros2_ws/src/install/setup.ps1'
[5.468s] INFO:colcon.colcon_core.shell:Creating prefix script '/home/ubuntu/ros2_ws/src/install/local_setup.sh'
[5.471s] INFO:colcon.colcon_core.shell:Creating prefix util module '/home/ubuntu/ros2_ws/src/install/_local_setup_util_sh.py'
[5.474s] INFO:colcon.colcon_core.shell:Creating prefix chain script '/home/ubuntu/ros2_ws/src/install/setup.sh'
[5.480s] INFO:colcon.colcon_core.shell:Creating prefix script '/home/ubuntu/ros2_ws/src/install/local_setup.bash'
[5.482s] INFO:colcon.colcon_core.shell:Creating prefix chain script '/home/ubuntu/ros2_ws/src/install/setup.bash'
[5.489s] INFO:colcon.colcon_core.shell:Creating prefix script '/home/ubuntu/ros2_ws/src/install/local_setup.zsh'
[5.491s] INFO:colcon.colcon_core.shell:Creating prefix chain script '/home/ubuntu/ros2_ws/src/install/setup.zsh'
