[0.047s] Invoking command in '/home/ubuntu/ros2_ws/build/msp_bridge': CMAKE_PREFIX_PATH=/opt/ros/humble /usr/bin/cmake /home/ubuntu/ros2_ws/src/msp_bridge -DCMAKE_INSTALL_PREFIX=/home/ubuntu/ros2_ws/install/msp_bridge
[1.175s] -- The C compiler identification is GNU 11.4.0
[1.893s] -- The CXX compiler identification is GNU 11.4.0
[1.936s] -- Detecting C compiler ABI info
[2.305s] -- Detecting C compiler ABI info - done
[2.330s] -- Check for working C compiler: /usr/bin/cc - skipped
[2.332s] -- Detecting C compile features
[2.335s] -- Detecting C compile features - done
[2.349s] -- Detecting CXX compiler ABI info
[2.696s] -- Detecting CXX compiler ABI info - done
[2.724s] -- Check for working CXX compiler: /usr/bin/c++ - skipped
[2.724s] -- Detecting CXX compile features
[2.726s] -- Detecting CXX compile features - done
[2.802s] -- Found ament_cmake: 1.3.14 (/opt/ros/humble/share/ament_cmake/cmake)
[3.492s] -- Found Python3: /usr/bin/python3 (found version "3.10.12") found components: Interpreter 
[4.035s] -- Found rclcpp: 16.0.19 (/opt/ros/humble/share/rclcpp/cmake)
[4.355s] -- Found rosidl_generator_c: 3.1.8 (/opt/ros/humble/share/rosidl_generator_c/cmake)
[4.394s] -- Found rosidl_adapter: 3.1.8 (/opt/ros/humble/share/rosidl_adapter/cmake)
[4.456s] -- Found rosidl_generator_cpp: 3.1.8 (/opt/ros/humble/share/rosidl_generator_cpp/cmake)
[4.538s] -- Using all available rosidl_typesupport_c: rosidl_typesupport_fastrtps_c;rosidl_typesupport_introspection_c
[4.643s] -- Using all available rosidl_typesupport_cpp: rosidl_typesupport_fastrtps_cpp;rosidl_typesupport_introspection_cpp
[4.939s] -- Found rmw_implementation_cmake: 6.1.2 (/opt/ros/humble/share/rmw_implementation_cmake/cmake)
[4.961s] -- Found rmw_fastrtps_cpp: 6.2.10 (/opt/ros/humble/share/rmw_fastrtps_cpp/cmake)
[5.462s] -- Found OpenSSL: /usr/lib/aarch64-linux-gnu/libcrypto.so (found version "3.0.2")  
[5.633s] -- Found FastRTPS: /opt/ros/humble/include  
[5.900s] -- Using RMW implementation 'rmw_fastrtps_cpp' as default
[5.969s] -- Looking for pthread.h
[6.325s] -- Looking for pthread.h - found
[6.327s] -- Performing Test CMAKE_HAVE_LIBC_PTHREAD
[6.662s] -- Performing Test CMAKE_HAVE_LIBC_PTHREAD - Success
[6.666s] -- Found Threads: TRUE  
[6.964s] -- Found nav_msgs: 4.9.1 (/opt/ros/humble/share/nav_msgs/cmake)
[7.399s] -- Configuring done
[7.461s] -- Generating done
[7.477s] -- Build files have been written to: /home/ubuntu/ros2_ws/build/msp_bridge
[7.508s] Invoked command in '/home/ubuntu/ros2_ws/build/msp_bridge' returned '0': CMAKE_PREFIX_PATH=/opt/ros/humble /usr/bin/cmake /home/ubuntu/ros2_ws/src/msp_bridge -DCMAKE_INSTALL_PREFIX=/home/ubuntu/ros2_ws/install/msp_bridge
[7.517s] Invoking command in '/home/ubuntu/ros2_ws/build/msp_bridge': CMAKE_PREFIX_PATH=/opt/ros/humble /usr/bin/cmake --build /home/ubuntu/ros2_ws/build/msp_bridge -- -j4 -l4
[7.718s] [ 50%] [32mBuilding CXX object CMakeFiles/msp_bridge_node.dir/src/msp_bridge.cpp.o[0m
[39.738s] [100%] [32m[1mLinking CXX executable msp_bridge_node[0m
[41.776s] [100%] Built target msp_bridge_node
[41.813s] Invoked command in '/home/ubuntu/ros2_ws/build/msp_bridge' returned '0': CMAKE_PREFIX_PATH=/opt/ros/humble /usr/bin/cmake --build /home/ubuntu/ros2_ws/build/msp_bridge -- -j4 -l4
[41.851s] Invoking command in '/home/ubuntu/ros2_ws/build/msp_bridge': CMAKE_PREFIX_PATH=/opt/ros/humble /usr/bin/cmake --install /home/ubuntu/ros2_ws/build/msp_bridge
[41.877s] -- Install configuration: ""
[41.877s] -- Installing: /home/ubuntu/ros2_ws/install/msp_bridge/lib/msp_bridge/msp_bridge_node
[41.905s] -- Set runtime path of "/home/ubuntu/ros2_ws/install/msp_bridge/lib/msp_bridge/msp_bridge_node" to ""
[41.905s] -- Installing: /home/ubuntu/ros2_ws/install/msp_bridge/share/ament_index/resource_index/package_run_dependencies/msp_bridge
[41.907s] -- Installing: /home/ubuntu/ros2_ws/install/msp_bridge/share/ament_index/resource_index/parent_prefix_path/msp_bridge
[41.908s] -- Installing: /home/ubuntu/ros2_ws/install/msp_bridge/share/msp_bridge/environment/ament_prefix_path.sh
[41.909s] -- Installing: /home/ubuntu/ros2_ws/install/msp_bridge/share/msp_bridge/environment/ament_prefix_path.dsv
[41.910s] -- Installing: /home/ubuntu/ros2_ws/install/msp_bridge/share/msp_bridge/environment/path.sh
[41.912s] -- Installing: /home/ubuntu/ros2_ws/install/msp_bridge/share/msp_bridge/environment/path.dsv
[41.913s] -- Installing: /home/ubuntu/ros2_ws/install/msp_bridge/share/msp_bridge/local_setup.bash
[41.914s] -- Installing: /home/ubuntu/ros2_ws/install/msp_bridge/share/msp_bridge/local_setup.sh
[41.915s] -- Installing: /home/ubuntu/ros2_ws/install/msp_bridge/share/msp_bridge/local_setup.zsh
[41.916s] -- Installing: /home/ubuntu/ros2_ws/install/msp_bridge/share/msp_bridge/local_setup.dsv
[41.917s] -- Installing: /home/ubuntu/ros2_ws/install/msp_bridge/share/msp_bridge/package.dsv
[41.918s] -- Installing: /home/ubuntu/ros2_ws/install/msp_bridge/share/ament_index/resource_index/packages/msp_bridge
[41.920s] -- Installing: /home/ubuntu/ros2_ws/install/msp_bridge/share/msp_bridge/cmake/msp_bridgeConfig.cmake
[41.920s] -- Installing: /home/ubuntu/ros2_ws/install/msp_bridge/share/msp_bridge/cmake/msp_bridgeConfig-version.cmake
[41.922s] -- Installing: /home/ubuntu/ros2_ws/install/msp_bridge/share/msp_bridge/package.xml
[41.928s] Invoked command in '/home/ubuntu/ros2_ws/build/msp_bridge' returned '0': CMAKE_PREFIX_PATH=/opt/ros/humble /usr/bin/cmake --install /home/ubuntu/ros2_ws/build/msp_bridge
