running egg_info
writing ../../build/simple_vo/simple_vo.egg-info/PKG-INFO
writing dependency_links to ../../build/simple_vo/simple_vo.egg-info/dependency_links.txt
writing entry points to ../../build/simple_vo/simple_vo.egg-info/entry_points.txt
writing requirements to ../../build/simple_vo/simple_vo.egg-info/requires.txt
writing top-level names to ../../build/simple_vo/simple_vo.egg-info/top_level.txt
reading manifest file '../../build/simple_vo/simple_vo.egg-info/SOURCES.txt'
writing manifest file '../../build/simple_vo/simple_vo.egg-info/SOURCES.txt'
running build
running build_py
copying simple_vo/simple_vo_node.py -> /home/ubuntu/ros2_ws/build/simple_vo/build/lib/simple_vo
running install
running install_lib
copying /home/ubuntu/ros2_ws/build/simple_vo/build/lib/simple_vo/simple_vo_node.py -> /home/ubuntu/ros2_ws/install/simple_vo/lib/python3.10/site-packages/simple_vo
byte-compiling /home/ubuntu/ros2_ws/install/simple_vo/lib/python3.10/site-packages/simple_vo/simple_vo_node.py to simple_vo_node.cpython-310.pyc
running install_data
running install_egg_info
removing '/home/ubuntu/ros2_ws/install/simple_vo/lib/python3.10/site-packages/simple_vo-1.0.0-py3.10.egg-info' (and everything under it)
Copying ../../build/simple_vo/simple_vo.egg-info to /home/ubuntu/ros2_ws/install/simple_vo/lib/python3.10/site-packages/simple_vo-1.0.0-py3.10.egg-info
running install_scripts
Installing simple_vo_node script to /home/ubuntu/ros2_ws/install/simple_vo/lib/simple_vo
writing list of installed files to '/home/ubuntu/ros2_ws/build/simple_vo/install.log'
