[0.038s] Invoking command in '/home/ubuntu/ros2_ws/build/icm20948_driver': CMAKE_PREFIX_PATH=${CMAKE_PREFIX_PATH}:/opt/ros/humble /usr/bin/cmake /home/ubuntu/ros2_ws/src/icm20948_driver -DCMAKE_INSTALL_PREFIX=/home/ubuntu/ros2_ws/install/icm20948_driver
[0.297s] -- The C compiler identification is GNU 11.4.0
[0.543s] -- The CXX compiler identification is GNU 11.4.0
[0.573s] -- Detecting C compiler ABI info
[0.866s] -- Detecting C compiler ABI info - done
[0.893s] -- Check for working C compiler: /usr/bin/cc - skipped
[0.893s] -- Detecting C compile features
[0.895s] -- Detecting C compile features - done
[0.906s] -- Detecting CXX compiler ABI info
[1.239s] -- Detecting CXX compiler ABI info - done
[1.267s] -- Check for working CXX compiler: /usr/bin/c++ - skipped
[1.268s] -- Detecting CXX compile features
[1.269s] -- Detecting CXX compile features - done
[1.291s] -- Found ament_cmake: 1.3.14 (/opt/ros/humble/share/ament_cmake/cmake)
[1.964s] -- Found Python3: /usr/bin/python3 (found version "3.10.12") found components: Interpreter 
[2.447s] -- Found rclcpp: 16.0.19 (/opt/ros/humble/share/rclcpp/cmake)
[2.717s] -- Found rosidl_generator_c: 3.1.8 (/opt/ros/humble/share/rosidl_generator_c/cmake)
[2.753s] -- Found rosidl_adapter: 3.1.8 (/opt/ros/humble/share/rosidl_adapter/cmake)
[2.802s] -- Found rosidl_generator_cpp: 3.1.8 (/opt/ros/humble/share/rosidl_generator_cpp/cmake)
[2.866s] -- Using all available rosidl_typesupport_c: rosidl_typesupport_fastrtps_c;rosidl_typesupport_introspection_c
[2.954s] -- Using all available rosidl_typesupport_cpp: rosidl_typesupport_fastrtps_cpp;rosidl_typesupport_introspection_cpp
[3.198s] -- Found rmw_implementation_cmake: 6.1.2 (/opt/ros/humble/share/rmw_implementation_cmake/cmake)
[3.216s] -- Found rmw_fastrtps_cpp: 6.2.10 (/opt/ros/humble/share/rmw_fastrtps_cpp/cmake)
[3.669s] -- Found OpenSSL: /usr/lib/aarch64-linux-gnu/libcrypto.so (found version "3.0.2")  
[3.834s] -- Found FastRTPS: /opt/ros/humble/include  
[4.102s] -- Using RMW implementation 'rmw_fastrtps_cpp' as default
[4.159s] -- Looking for pthread.h
[4.476s] -- Looking for pthread.h - found
[4.478s] -- Performing Test CMAKE_HAVE_LIBC_PTHREAD
[4.802s] -- Performing Test CMAKE_HAVE_LIBC_PTHREAD - Success
[4.806s] -- Found Threads: TRUE  
[5.038s] -- Found sensor_msgs: 4.9.1 (/opt/ros/humble/share/sensor_msgs/cmake)
[5.435s] -- Configuring done
[5.490s] -- Generating done
[5.505s] -- Build files have been written to: /home/ubuntu/ros2_ws/build/icm20948_driver
[5.536s] Invoked command in '/home/ubuntu/ros2_ws/build/icm20948_driver' returned '0': CMAKE_PREFIX_PATH=${CMAKE_PREFIX_PATH}:/opt/ros/humble /usr/bin/cmake /home/ubuntu/ros2_ws/src/icm20948_driver -DCMAKE_INSTALL_PREFIX=/home/ubuntu/ros2_ws/install/icm20948_driver
[5.544s] Invoking command in '/home/ubuntu/ros2_ws/build/icm20948_driver': CMAKE_PREFIX_PATH=${CMAKE_PREFIX_PATH}:/opt/ros/humble /usr/bin/cmake --build /home/ubuntu/ros2_ws/build/icm20948_driver -- -j4 -l4
[5.743s] [ 50%] [32mBuilding CXX object CMakeFiles/icm20948_node.dir/src/icm20948_node.cpp.o[0m
[22.728s] [100%] [32m[1mLinking CXX executable icm20948_node[0m
[23.680s] [100%] Built target icm20948_node
[23.719s] Invoked command in '/home/ubuntu/ros2_ws/build/icm20948_driver' returned '0': CMAKE_PREFIX_PATH=${CMAKE_PREFIX_PATH}:/opt/ros/humble /usr/bin/cmake --build /home/ubuntu/ros2_ws/build/icm20948_driver -- -j4 -l4
[23.757s] Invoking command in '/home/ubuntu/ros2_ws/build/icm20948_driver': CMAKE_PREFIX_PATH=${CMAKE_PREFIX_PATH}:/opt/ros/humble /usr/bin/cmake --install /home/ubuntu/ros2_ws/build/icm20948_driver
[23.783s] -- Install configuration: ""
[23.784s] -- Installing: /home/ubuntu/ros2_ws/install/icm20948_driver/lib/icm20948_driver/icm20948_node
[23.794s] -- Set runtime path of "/home/ubuntu/ros2_ws/install/icm20948_driver/lib/icm20948_driver/icm20948_node" to ""
[23.795s] -- Installing: /home/ubuntu/ros2_ws/install/icm20948_driver/share/ament_index/resource_index/package_run_dependencies/icm20948_driver
[23.796s] -- Installing: /home/ubuntu/ros2_ws/install/icm20948_driver/share/ament_index/resource_index/parent_prefix_path/icm20948_driver
[23.798s] -- Installing: /home/ubuntu/ros2_ws/install/icm20948_driver/share/icm20948_driver/environment/ament_prefix_path.sh
[23.799s] -- Installing: /home/ubuntu/ros2_ws/install/icm20948_driver/share/icm20948_driver/environment/ament_prefix_path.dsv
[23.800s] -- Installing: /home/ubuntu/ros2_ws/install/icm20948_driver/share/icm20948_driver/environment/path.sh
[23.801s] -- Installing: /home/ubuntu/ros2_ws/install/icm20948_driver/share/icm20948_driver/environment/path.dsv
[23.802s] -- Installing: /home/ubuntu/ros2_ws/install/icm20948_driver/share/icm20948_driver/local_setup.bash
[23.803s] -- Installing: /home/ubuntu/ros2_ws/install/icm20948_driver/share/icm20948_driver/local_setup.sh
[23.805s] -- Installing: /home/ubuntu/ros2_ws/install/icm20948_driver/share/icm20948_driver/local_setup.zsh
[23.806s] -- Installing: /home/ubuntu/ros2_ws/install/icm20948_driver/share/icm20948_driver/local_setup.dsv
[23.807s] -- Installing: /home/ubuntu/ros2_ws/install/icm20948_driver/share/icm20948_driver/package.dsv
[23.808s] -- Installing: /home/ubuntu/ros2_ws/install/icm20948_driver/share/ament_index/resource_index/packages/icm20948_driver
[23.810s] -- Installing: /home/ubuntu/ros2_ws/install/icm20948_driver/share/icm20948_driver/cmake/icm20948_driverConfig.cmake
[23.810s] -- Installing: /home/ubuntu/ros2_ws/install/icm20948_driver/share/icm20948_driver/cmake/icm20948_driverConfig-version.cmake
[23.812s] -- Installing: /home/ubuntu/ros2_ws/install/icm20948_driver/share/icm20948_driver/package.xml
[23.817s] Invoked command in '/home/ubuntu/ros2_ws/build/icm20948_driver' returned '0': CMAKE_PREFIX_PATH=${CMAKE_PREFIX_PATH}:/opt/ros/humble /usr/bin/cmake --install /home/ubuntu/ros2_ws/build/icm20948_driver
