[0.039s] Invoking command in '/home/ubuntu/ros2_ws/build/msp_bridge': CMAKE_PREFIX_PATH=${CMAKE_PREFIX_PATH}:/opt/ros/humble /usr/bin/cmake /home/ubuntu/ros2_ws/src/msp_bridge -DCMAKE_INSTALL_PREFIX=/home/ubuntu/ros2_ws/install/msp_bridge
[0.297s] -- The C compiler identification is GNU 11.4.0
[0.547s] -- The CXX compiler identification is GNU 11.4.0
[0.579s] -- Detecting C compiler ABI info
[0.881s] -- Detecting C compiler ABI info - done
[0.908s] -- Check for working C compiler: /usr/bin/cc - skipped
[0.909s] -- Detecting C compile features
[0.910s] -- Detecting C compile features - done
[0.921s] -- Detecting CXX compiler ABI info
[1.255s] -- Detecting CXX compiler ABI info - done
[1.282s] -- Check for working CXX compiler: /usr/bin/c++ - skipped
[1.283s] -- Detecting CXX compile features
[1.284s] -- Detecting CXX compile features - done
[1.307s] -- Found ament_cmake: 1.3.14 (/opt/ros/humble/share/ament_cmake/cmake)
[1.982s] -- Found Python3: /usr/bin/python3 (found version "3.10.12") found components: Interpreter 
[2.481s] -- Found rclcpp: 16.0.19 (/opt/ros/humble/share/rclcpp/cmake)
[2.833s] -- Found rosidl_generator_c: 3.1.8 (/opt/ros/humble/share/rosidl_generator_c/cmake)
[2.878s] -- Found rosidl_adapter: 3.1.8 (/opt/ros/humble/share/rosidl_adapter/cmake)
[2.945s] -- Found rosidl_generator_cpp: 3.1.8 (/opt/ros/humble/share/rosidl_generator_cpp/cmake)
[3.033s] -- Using all available rosidl_typesupport_c: rosidl_typesupport_fastrtps_c;rosidl_typesupport_introspection_c
[3.146s] -- Using all available rosidl_typesupport_cpp: rosidl_typesupport_fastrtps_cpp;rosidl_typesupport_introspection_cpp
[3.466s] -- Found rmw_implementation_cmake: 6.1.2 (/opt/ros/humble/share/rmw_implementation_cmake/cmake)
[3.491s] -- Found rmw_fastrtps_cpp: 6.2.10 (/opt/ros/humble/share/rmw_fastrtps_cpp/cmake)
[4.016s] -- Found OpenSSL: /usr/lib/aarch64-linux-gnu/libcrypto.so (found version "3.0.2")  
[4.191s] -- Found FastRTPS: /opt/ros/humble/include  
[4.465s] -- Using RMW implementation 'rmw_fastrtps_cpp' as default
[4.542s] -- Looking for pthread.h
[4.897s] -- Looking for pthread.h - found
[4.900s] -- Performing Test CMAKE_HAVE_LIBC_PTHREAD
[5.240s] -- Performing Test CMAKE_HAVE_LIBC_PTHREAD - Success
[5.245s] -- Found Threads: TRUE  
[5.554s] -- Found nav_msgs: 4.9.1 (/opt/ros/humble/share/nav_msgs/cmake)
[5.985s] -- Configuring done
[6.041s] -- Generating done
[6.056s] -- Build files have been written to: /home/ubuntu/ros2_ws/build/msp_bridge
[6.091s] Invoked command in '/home/ubuntu/ros2_ws/build/msp_bridge' returned '0': CMAKE_PREFIX_PATH=${CMAKE_PREFIX_PATH}:/opt/ros/humble /usr/bin/cmake /home/ubuntu/ros2_ws/src/msp_bridge -DCMAKE_INSTALL_PREFIX=/home/ubuntu/ros2_ws/install/msp_bridge
[6.101s] Invoking command in '/home/ubuntu/ros2_ws/build/msp_bridge': CMAKE_PREFIX_PATH=${CMAKE_PREFIX_PATH}:/opt/ros/humble /usr/bin/cmake --build /home/ubuntu/ros2_ws/build/msp_bridge -- -j4 -l4
[6.301s] [ 50%] [32mBuilding CXX object CMakeFiles/msp_bridge_node.dir/src/msp_bridge.cpp.o[0m
[38.298s] [100%] [32m[1mLinking CXX executable msp_bridge_node[0m
[40.223s] [100%] Built target msp_bridge_node
[40.261s] Invoked command in '/home/ubuntu/ros2_ws/build/msp_bridge' returned '0': CMAKE_PREFIX_PATH=${CMAKE_PREFIX_PATH}:/opt/ros/humble /usr/bin/cmake --build /home/ubuntu/ros2_ws/build/msp_bridge -- -j4 -l4
[40.302s] Invoking command in '/home/ubuntu/ros2_ws/build/msp_bridge': CMAKE_PREFIX_PATH=${CMAKE_PREFIX_PATH}:/opt/ros/humble /usr/bin/cmake --install /home/ubuntu/ros2_ws/build/msp_bridge
[40.327s] -- Install configuration: ""
[40.328s] -- Installing: /home/ubuntu/ros2_ws/install/msp_bridge/lib/msp_bridge/msp_bridge_node
[40.355s] -- Set runtime path of "/home/ubuntu/ros2_ws/install/msp_bridge/lib/msp_bridge/msp_bridge_node" to ""
[40.356s] -- Installing: /home/ubuntu/ros2_ws/install/msp_bridge/share/ament_index/resource_index/package_run_dependencies/msp_bridge
[40.357s] -- Installing: /home/ubuntu/ros2_ws/install/msp_bridge/share/ament_index/resource_index/parent_prefix_path/msp_bridge
[40.359s] -- Installing: /home/ubuntu/ros2_ws/install/msp_bridge/share/msp_bridge/environment/ament_prefix_path.sh
[40.360s] -- Installing: /home/ubuntu/ros2_ws/install/msp_bridge/share/msp_bridge/environment/ament_prefix_path.dsv
[40.361s] -- Installing: /home/ubuntu/ros2_ws/install/msp_bridge/share/msp_bridge/environment/path.sh
[40.362s] -- Installing: /home/ubuntu/ros2_ws/install/msp_bridge/share/msp_bridge/environment/path.dsv
[40.363s] -- Installing: /home/ubuntu/ros2_ws/install/msp_bridge/share/msp_bridge/local_setup.bash
[40.364s] -- Installing: /home/ubuntu/ros2_ws/install/msp_bridge/share/msp_bridge/local_setup.sh
[40.365s] -- Installing: /home/ubuntu/ros2_ws/install/msp_bridge/share/msp_bridge/local_setup.zsh
[40.366s] -- Installing: /home/ubuntu/ros2_ws/install/msp_bridge/share/msp_bridge/local_setup.dsv
[40.367s] -- Installing: /home/ubuntu/ros2_ws/install/msp_bridge/share/msp_bridge/package.dsv
[40.368s] -- Installing: /home/ubuntu/ros2_ws/install/msp_bridge/share/ament_index/resource_index/packages/msp_bridge
[40.370s] -- Installing: /home/ubuntu/ros2_ws/install/msp_bridge/share/msp_bridge/cmake/msp_bridgeConfig.cmake
[40.371s] -- Installing: /home/ubuntu/ros2_ws/install/msp_bridge/share/msp_bridge/cmake/msp_bridgeConfig-version.cmake
[40.372s] -- Installing: /home/ubuntu/ros2_ws/install/msp_bridge/share/msp_bridge/package.xml
[40.378s] Invoked command in '/home/ubuntu/ros2_ws/build/msp_bridge' returned '0': CMAKE_PREFIX_PATH=${CMAKE_PREFIX_PATH}:/opt/ros/humble /usr/bin/cmake --install /home/ubuntu/ros2_ws/build/msp_bridge
