[2.543s] Invoking command in '/home/ubuntu/ros2_ws/src/simple_vo': PYTHONPATH=/home/ubuntu/ros2_ws/src/build/simple_vo/prefix_override:/usr/lib/python3/dist-packages/colcon_core/task/python/colcon_distutils_commands:/home/ubuntu/ros2_ws/src/install/simple_vo/lib/python3.10/site-packages:${PYTHONPATH} /usr/bin/python3 -W ignore:setup.py install is deprecated -W ignore:easy_install command is deprecated setup.py egg_info --egg-base ../build/simple_vo build --build-base /home/ubuntu/ros2_ws/src/build/simple_vo/build install --record /home/ubuntu/ros2_ws/src/build/simple_vo/install.log --single-version-externally-managed install_data
[3.485s] running egg_info
[3.488s] writing ../build/simple_vo/simple_vo.egg-info/PKG-INFO
[3.489s] writing dependency_links to ../build/simple_vo/simple_vo.egg-info/dependency_links.txt
[3.490s] writing entry points to ../build/simple_vo/simple_vo.egg-info/entry_points.txt
[3.491s] writing requirements to ../build/simple_vo/simple_vo.egg-info/requires.txt
[3.491s] writing top-level names to ../build/simple_vo/simple_vo.egg-info/top_level.txt
[3.499s] reading manifest file '../build/simple_vo/simple_vo.egg-info/SOURCES.txt'
[3.502s] writing manifest file '../build/simple_vo/simple_vo.egg-info/SOURCES.txt'
[3.503s] running build
[3.503s] running build_py
[3.504s] copying simple_vo/simple_vo_node.py -> /home/ubuntu/ros2_ws/src/build/simple_vo/build/lib/simple_vo
[3.505s] running install
[3.507s] running install_lib
[3.510s] copying /home/ubuntu/ros2_ws/src/build/simple_vo/build/lib/simple_vo/simple_vo_node.py -> /home/ubuntu/ros2_ws/src/install/simple_vo/lib/python3.10/site-packages/simple_vo
[3.513s] byte-compiling /home/ubuntu/ros2_ws/src/install/simple_vo/lib/python3.10/site-packages/simple_vo/simple_vo_node.py to simple_vo_node.cpython-310.pyc
[3.522s] running install_data
[3.523s] running install_egg_info
[3.530s] removing '/home/ubuntu/ros2_ws/src/install/simple_vo/lib/python3.10/site-packages/simple_vo-1.0.0-py3.10.egg-info' (and everything under it)
[3.531s] Copying ../build/simple_vo/simple_vo.egg-info to /home/ubuntu/ros2_ws/src/install/simple_vo/lib/python3.10/site-packages/simple_vo-1.0.0-py3.10.egg-info
[3.536s] running install_scripts
[3.614s] Installing simple_vo_node script to /home/ubuntu/ros2_ws/src/install/simple_vo/lib/simple_vo
[3.616s] writing list of installed files to '/home/ubuntu/ros2_ws/src/build/simple_vo/install.log'
[3.733s] Invoked command in '/home/ubuntu/ros2_ws/src/simple_vo' returned '0': PYTHONPATH=/home/ubuntu/ros2_ws/src/build/simple_vo/prefix_override:/usr/lib/python3/dist-packages/colcon_core/task/python/colcon_distutils_commands:/home/ubuntu/ros2_ws/src/install/simple_vo/lib/python3.10/site-packages:${PYTHONPATH} /usr/bin/python3 -W ignore:setup.py install is deprecated -W ignore:easy_install command is deprecated setup.py egg_info --egg-base ../build/simple_vo build --build-base /home/ubuntu/ros2_ws/src/build/simple_vo/build install --record /home/ubuntu/ros2_ws/src/build/simple_vo/install.log --single-version-externally-managed install_data
