[0.042s] Invoking command in '/home/ubuntu/ros2_ws/build/icm20948_driver': CMAKE_PREFIX_PATH=/opt/ros/humble /usr/bin/cmake /home/ubuntu/ros2_ws/src/icm20948_driver -DCMAKE_INSTALL_PREFIX=/home/ubuntu/ros2_ws/install/icm20948_driver
[0.288s] -- The C compiler identification is GNU 11.4.0
[0.531s] -- The CXX compiler identification is GNU 11.4.0
[0.559s] -- Detecting C compiler ABI info
[0.852s] -- Detecting C compiler ABI info - done
[0.879s] -- Check for working C compiler: /usr/bin/cc - skipped
[0.879s] -- Detecting C compile features
[0.881s] -- Detecting C compile features - done
[0.891s] -- Detecting CXX compiler ABI info
[1.219s] -- Detecting CXX compiler ABI info - done
[1.246s] -- Check for working CXX compiler: /usr/bin/c++ - skipped
[1.247s] -- Detecting CXX compile features
[1.249s] -- Detecting CXX compile features - done
[1.268s] -- Found ament_cmake: 1.3.14 (/opt/ros/humble/share/ament_cmake/cmake)
[1.922s] -- Found Python3: /usr/bin/python3 (found version "3.10.12") found components: Interpreter 
[2.359s] -- Found rclcpp: 16.0.19 (/opt/ros/humble/share/rclcpp/cmake)
[2.591s] -- Found rosidl_generator_c: 3.1.8 (/opt/ros/humble/share/rosidl_generator_c/cmake)
[2.622s] -- Found rosidl_adapter: 3.1.8 (/opt/ros/humble/share/rosidl_adapter/cmake)
[2.665s] -- Found rosidl_generator_cpp: 3.1.8 (/opt/ros/humble/share/rosidl_generator_cpp/cmake)
[2.723s] -- Using all available rosidl_typesupport_c: rosidl_typesupport_fastrtps_c;rosidl_typesupport_introspection_c
[2.801s] -- Using all available rosidl_typesupport_cpp: rosidl_typesupport_fastrtps_cpp;rosidl_typesupport_introspection_cpp
[3.015s] -- Found rmw_implementation_cmake: 6.1.2 (/opt/ros/humble/share/rmw_implementation_cmake/cmake)
[3.031s] -- Found rmw_fastrtps_cpp: 6.2.10 (/opt/ros/humble/share/rmw_fastrtps_cpp/cmake)
[3.467s] -- Found OpenSSL: /usr/lib/aarch64-linux-gnu/libcrypto.so (found version "3.0.2")  
[3.613s] -- Found FastRTPS: /opt/ros/humble/include  
[3.848s] -- Using RMW implementation 'rmw_fastrtps_cpp' as default
[3.896s] -- Looking for pthread.h
[4.204s] -- Looking for pthread.h - found
[4.206s] -- Performing Test CMAKE_HAVE_LIBC_PTHREAD
[4.513s] -- Performing Test CMAKE_HAVE_LIBC_PTHREAD - Success
[4.517s] -- Found Threads: TRUE  
[4.735s] -- Found sensor_msgs: 4.9.1 (/opt/ros/humble/share/sensor_msgs/cmake)
[5.127s] -- Configuring done
[5.179s] -- Generating done
[5.194s] -- Build files have been written to: /home/ubuntu/ros2_ws/build/icm20948_driver
[5.225s] Invoked command in '/home/ubuntu/ros2_ws/build/icm20948_driver' returned '0': CMAKE_PREFIX_PATH=/opt/ros/humble /usr/bin/cmake /home/ubuntu/ros2_ws/src/icm20948_driver -DCMAKE_INSTALL_PREFIX=/home/ubuntu/ros2_ws/install/icm20948_driver
[5.235s] Invoking command in '/home/ubuntu/ros2_ws/build/icm20948_driver': CMAKE_PREFIX_PATH=/opt/ros/humble /usr/bin/cmake --build /home/ubuntu/ros2_ws/build/icm20948_driver -- -j4 -l4
[5.426s] [ 50%] [32mBuilding CXX object CMakeFiles/icm20948_node.dir/src/icm20948_node.cpp.o[0m
[22.187s] [100%] [32m[1mLinking CXX executable icm20948_node[0m
[23.132s] [100%] Built target icm20948_node
[23.168s] Invoked command in '/home/ubuntu/ros2_ws/build/icm20948_driver' returned '0': CMAKE_PREFIX_PATH=/opt/ros/humble /usr/bin/cmake --build /home/ubuntu/ros2_ws/build/icm20948_driver -- -j4 -l4
[23.205s] Invoking command in '/home/ubuntu/ros2_ws/build/icm20948_driver': CMAKE_PREFIX_PATH=/opt/ros/humble /usr/bin/cmake --install /home/ubuntu/ros2_ws/build/icm20948_driver
[23.230s] -- Install configuration: ""
[23.230s] -- Installing: /home/ubuntu/ros2_ws/install/icm20948_driver/lib/icm20948_driver/icm20948_node
[23.240s] -- Set runtime path of "/home/ubuntu/ros2_ws/install/icm20948_driver/lib/icm20948_driver/icm20948_node" to ""
[23.240s] -- Installing: /home/ubuntu/ros2_ws/install/icm20948_driver/share/ament_index/resource_index/package_run_dependencies/icm20948_driver
[23.242s] -- Installing: /home/ubuntu/ros2_ws/install/icm20948_driver/share/ament_index/resource_index/parent_prefix_path/icm20948_driver
[23.243s] -- Installing: /home/ubuntu/ros2_ws/install/icm20948_driver/share/icm20948_driver/environment/ament_prefix_path.sh
[23.244s] -- Installing: /home/ubuntu/ros2_ws/install/icm20948_driver/share/icm20948_driver/environment/ament_prefix_path.dsv
[23.246s] -- Installing: /home/ubuntu/ros2_ws/install/icm20948_driver/share/icm20948_driver/environment/path.sh
[23.247s] -- Installing: /home/ubuntu/ros2_ws/install/icm20948_driver/share/icm20948_driver/environment/path.dsv
[23.248s] -- Installing: /home/ubuntu/ros2_ws/install/icm20948_driver/share/icm20948_driver/local_setup.bash
[23.249s] -- Installing: /home/ubuntu/ros2_ws/install/icm20948_driver/share/icm20948_driver/local_setup.sh
[23.250s] -- Installing: /home/ubuntu/ros2_ws/install/icm20948_driver/share/icm20948_driver/local_setup.zsh
[23.251s] -- Installing: /home/ubuntu/ros2_ws/install/icm20948_driver/share/icm20948_driver/local_setup.dsv
[23.252s] -- Installing: /home/ubuntu/ros2_ws/install/icm20948_driver/share/icm20948_driver/package.dsv
[23.253s] -- Installing: /home/ubuntu/ros2_ws/install/icm20948_driver/share/ament_index/resource_index/packages/icm20948_driver
[23.254s] -- Installing: /home/ubuntu/ros2_ws/install/icm20948_driver/share/icm20948_driver/cmake/icm20948_driverConfig.cmake
[23.255s] -- Installing: /home/ubuntu/ros2_ws/install/icm20948_driver/share/icm20948_driver/cmake/icm20948_driverConfig-version.cmake
[23.257s] -- Installing: /home/ubuntu/ros2_ws/install/icm20948_driver/share/icm20948_driver/package.xml
[23.262s] Invoked command in '/home/ubuntu/ros2_ws/build/icm20948_driver' returned '0': CMAKE_PREFIX_PATH=/opt/ros/humble /usr/bin/cmake --install /home/ubuntu/ros2_ws/build/icm20948_driver
