[35m[1mConsolidate compiler generated dependencies of target msp_bridge_node[0m
[ 50%] [32mBuilding CXX object CMakeFiles/msp_bridge_node.dir/src/msp_bridge.cpp.o[0m
[01m[K/home/ubuntu/ros2_ws/src/msp_bridge/src/msp_bridge.cpp:[m[K In member function ‘[01m[Kbool GPSBridgeNode::init_uart(const string&, int)[m[K’:
[01m[K/home/ubuntu/ros2_ws/src/msp_bridge/src/msp_bridge.cpp:44:49:[m[K [01;35m[Kwarning: [m[Kunused parameter ‘[01m[Kbaud[m[K’ [[01;35m[K]8;;https://gcc.gnu.org/onlinedocs/gcc/Warning-Options.html#index-Wunused-parameter-Wunused-parameter]8;;[m[K]
   44 |     bool init_uart(const std::string& port, [01;35m[Kint baud[m[K) {
      |                                             [01;35m[K~~~~^~~~[m[K
[01m[K/home/ubuntu/ros2_ws/src/msp_bridge/src/msp_bridge.cpp:[m[K In member function ‘[01m[Kvoid GPSBridgeNode::send_ublox_nav_pvt(int32_t, int32_t, int32_t, uint8_t)[m[K’:
[01m[K/home/ubuntu/ros2_ws/src/msp_bridge/src/msp_bridge.cpp:78:22:[m[K [01;35m[Kwarning: [m[Kunsigned conversion from ‘[01m[Kint[m[K’ to ‘[01m[K__gnu_cxx::__alloc_traits<std::allocator<unsigned char>, unsigned char>::value_type[m[K’ {aka ‘[01m[Kunsigned char[m[K’} changes value from ‘[01m[K2024[m[K’ to ‘[01m[K232[m[K’ [[01;35m[K]8;;https://gcc.gnu.org/onlinedocs/gcc/Warning-Options.html#index-Woverflow-Woverflow]8;;[m[K]
   78 |         payload[4] = [01;35m[K2024[m[K;  // year
      |                      [01;35m[K^~~~[m[K
[100%] [32m[1mLinking CXX executable msp_bridge_node[0m
[100%] Built target msp_bridge_node
-- Install configuration: ""
-- Installing: /home/ubuntu/ros2_ws/install/msp_bridge/lib/msp_bridge/msp_bridge_node
-- Set runtime path of "/home/ubuntu/ros2_ws/install/msp_bridge/lib/msp_bridge/msp_bridge_node" to ""
-- Up-to-date: /home/ubuntu/ros2_ws/install/msp_bridge/share/ament_index/resource_index/package_run_dependencies/msp_bridge
-- Up-to-date: /home/ubuntu/ros2_ws/install/msp_bridge/share/ament_index/resource_index/parent_prefix_path/msp_bridge
-- Up-to-date: /home/ubuntu/ros2_ws/install/msp_bridge/share/msp_bridge/environment/ament_prefix_path.sh
-- Up-to-date: /home/ubuntu/ros2_ws/install/msp_bridge/share/msp_bridge/environment/ament_prefix_path.dsv
-- Up-to-date: /home/ubuntu/ros2_ws/install/msp_bridge/share/msp_bridge/environment/path.sh
-- Up-to-date: /home/ubuntu/ros2_ws/install/msp_bridge/share/msp_bridge/environment/path.dsv
-- Up-to-date: /home/ubuntu/ros2_ws/install/msp_bridge/share/msp_bridge/local_setup.bash
-- Up-to-date: /home/ubuntu/ros2_ws/install/msp_bridge/share/msp_bridge/local_setup.sh
-- Up-to-date: /home/ubuntu/ros2_ws/install/msp_bridge/share/msp_bridge/local_setup.zsh
-- Up-to-date: /home/ubuntu/ros2_ws/install/msp_bridge/share/msp_bridge/local_setup.dsv
-- Installing: /home/ubuntu/ros2_ws/install/msp_bridge/share/msp_bridge/package.dsv
-- Up-to-date: /home/ubuntu/ros2_ws/install/msp_bridge/share/ament_index/resource_index/packages/msp_bridge
-- Up-to-date: /home/ubuntu/ros2_ws/install/msp_bridge/share/msp_bridge/cmake/msp_bridgeConfig.cmake
-- Up-to-date: /home/ubuntu/ros2_ws/install/msp_bridge/share/msp_bridge/cmake/msp_bridgeConfig-version.cmake
-- Up-to-date: /home/ubuntu/ros2_ws/install/msp_bridge/share/msp_bridge/package.xml
