[0.043s] Invoking command in '/home/ubuntu/ros2_ws/build/msp_bridge': CMAKE_PREFIX_PATH=${CMAKE_PREFIX_PATH}:/opt/ros/humble /usr/bin/cmake --build /home/ubuntu/ros2_ws/build/msp_bridge -- -j4 -l4
[0.220s] [35m[1mConsolidate compiler generated dependencies of target msp_bridge_node[0m
[0.310s] [ 50%] [32mBuilding CXX object CMakeFiles/msp_bridge_node.dir/src/msp_bridge.cpp.o[0m
[10.084s] [01m[K/home/ubuntu/ros2_ws/src/msp_bridge/src/msp_bridge.cpp:[m[K In member function ‘[01m[Kbool GPSBridgeNode::init_uart(const string&, int)[m[K’:
[10.085s] [01m[K/home/ubuntu/ros2_ws/src/msp_bridge/src/msp_bridge.cpp:44:49:[m[K [01;35m[Kwarning: [m[Kunused parameter ‘[01m[Kbaud[m[K’ [[01;35m[K]8;;https://gcc.gnu.org/onlinedocs/gcc/Warning-Options.html#index-Wunused-parameter-Wunused-parameter]8;;[m[K]
[10.085s]    44 |     bool init_uart(const std::string& port, [01;35m[Kint baud[m[K) {
[10.086s]       |                                             [01;35m[K~~~~^~~~[m[K
[10.086s] [01m[K/home/ubuntu/ros2_ws/src/msp_bridge/src/msp_bridge.cpp:[m[K In member function ‘[01m[Kvoid GPSBridgeNode::send_ublox_nav_pvt(int32_t, int32_t, int32_t, uint8_t)[m[K’:
[10.086s] [01m[K/home/ubuntu/ros2_ws/src/msp_bridge/src/msp_bridge.cpp:78:22:[m[K [01;35m[Kwarning: [m[Kunsigned conversion from ‘[01m[Kint[m[K’ to ‘[01m[K__gnu_cxx::__alloc_traits<std::allocator<unsigned char>, unsigned char>::value_type[m[K’ {aka ‘[01m[Kunsigned char[m[K’} changes value from ‘[01m[K2024[m[K’ to ‘[01m[K232[m[K’ [[01;35m[K]8;;https://gcc.gnu.org/onlinedocs/gcc/Warning-Options.html#index-Woverflow-Woverflow]8;;[m[K]
[10.087s]    78 |         payload[4] = [01;35m[K2024[m[K;  // year
[10.087s]       |                      [01;35m[K^~~~[m[K
[31.426s] [100%] [32m[1mLinking CXX executable msp_bridge_node[0m
[33.284s] [100%] Built target msp_bridge_node
[33.321s] Invoked command in '/home/ubuntu/ros2_ws/build/msp_bridge' returned '0': CMAKE_PREFIX_PATH=${CMAKE_PREFIX_PATH}:/opt/ros/humble /usr/bin/cmake --build /home/ubuntu/ros2_ws/build/msp_bridge -- -j4 -l4
[33.358s] Invoking command in '/home/ubuntu/ros2_ws/build/msp_bridge': CMAKE_PREFIX_PATH=${CMAKE_PREFIX_PATH}:/opt/ros/humble /usr/bin/cmake --install /home/ubuntu/ros2_ws/build/msp_bridge
[33.385s] -- Install configuration: ""
[33.386s] -- Installing: /home/ubuntu/ros2_ws/install/msp_bridge/lib/msp_bridge/msp_bridge_node
[33.414s] -- Set runtime path of "/home/ubuntu/ros2_ws/install/msp_bridge/lib/msp_bridge/msp_bridge_node" to ""
[33.414s] -- Up-to-date: /home/ubuntu/ros2_ws/install/msp_bridge/share/ament_index/resource_index/package_run_dependencies/msp_bridge
[33.415s] -- Up-to-date: /home/ubuntu/ros2_ws/install/msp_bridge/share/ament_index/resource_index/parent_prefix_path/msp_bridge
[33.415s] -- Up-to-date: /home/ubuntu/ros2_ws/install/msp_bridge/share/msp_bridge/environment/ament_prefix_path.sh
[33.416s] -- Up-to-date: /home/ubuntu/ros2_ws/install/msp_bridge/share/msp_bridge/environment/ament_prefix_path.dsv
[33.416s] -- Up-to-date: /home/ubuntu/ros2_ws/install/msp_bridge/share/msp_bridge/environment/path.sh
[33.416s] -- Up-to-date: /home/ubuntu/ros2_ws/install/msp_bridge/share/msp_bridge/environment/path.dsv
[33.417s] -- Up-to-date: /home/ubuntu/ros2_ws/install/msp_bridge/share/msp_bridge/local_setup.bash
[33.417s] -- Up-to-date: /home/ubuntu/ros2_ws/install/msp_bridge/share/msp_bridge/local_setup.sh
[33.418s] -- Up-to-date: /home/ubuntu/ros2_ws/install/msp_bridge/share/msp_bridge/local_setup.zsh
[33.418s] -- Up-to-date: /home/ubuntu/ros2_ws/install/msp_bridge/share/msp_bridge/local_setup.dsv
[33.418s] -- Installing: /home/ubuntu/ros2_ws/install/msp_bridge/share/msp_bridge/package.dsv
[33.419s] -- Up-to-date: /home/ubuntu/ros2_ws/install/msp_bridge/share/ament_index/resource_index/packages/msp_bridge
[33.419s] -- Up-to-date: /home/ubuntu/ros2_ws/install/msp_bridge/share/msp_bridge/cmake/msp_bridgeConfig.cmake
[33.420s] -- Up-to-date: /home/ubuntu/ros2_ws/install/msp_bridge/share/msp_bridge/cmake/msp_bridgeConfig-version.cmake
[33.420s] -- Up-to-date: /home/ubuntu/ros2_ws/install/msp_bridge/share/msp_bridge/package.xml
[33.425s] Invoked command in '/home/ubuntu/ros2_ws/build/msp_bridge' returned '0': CMAKE_PREFIX_PATH=${CMAKE_PREFIX_PATH}:/opt/ros/humble /usr/bin/cmake --install /home/ubuntu/ros2_ws/build/msp_bridge
