[0.419s] DEBUG:colcon:Command line arguments: ['/usr/bin/colcon', 'build', '--packages-select', 'mission_node']
[0.419s] DEBUG:colcon:Parsed command line arguments: Namespace(log_base=None, log_level=None, verb_name='build', build_base='build', install_base='install', merge_install=False, symlink_install=False, test_result_base=None, continue_on_error=False, executor='parallel', parallel_workers=4, event_handlers=None, ignore_user_meta=False, metas=['./colcon.meta'], base_paths=['.'], packages_ignore=None, packages_ignore_regex=None, paths=None, packages_up_to=None, packages_up_to_regex=None, packages_above=None, packages_above_and_dependencies=None, packages_above_depth=None, packages_select_by_dep=None, packages_skip_by_dep=None, packages_skip_up_to=None, packages_select_build_failed=False, packages_skip_build_finished=False, packages_select_test_failures=False, packages_skip_test_passed=False, packages_select=['mission_node'], packages_skip=None, packages_select_regex=None, packages_skip_regex=None, packages_start=None, packages_end=None, allow_overriding=[], cmake_args=None, cmake_target=None, cmake_target_skip_unavailable=False, cmake_clean_cache=False, cmake_clean_first=False, cmake_force_configure=False, ament_cmake_args=None, catkin_cmake_args=None, catkin_skip_building_tests=False, verb_parser=<colcon_defaults.argument_parser.defaults.DefaultArgumentsDecorator object at 0xffff9c6aa380>, verb_extension=<colcon_core.verb.build.BuildVerb object at 0xffff9c7b7850>, main=<bound method BuildVerb.main of <colcon_core.verb.build.BuildVerb object at 0xffff9c7b7850>>)
[1.060s] Level 1:colcon.colcon_core.package_discovery:discover_packages(colcon_meta) check parameters
[1.060s] Level 1:colcon.colcon_core.package_discovery:discover_packages(recursive) check parameters
[1.060s] Level 1:colcon.colcon_core.package_discovery:discover_packages(ignore) check parameters
[1.060s] Level 1:colcon.colcon_core.package_discovery:discover_packages(path) check parameters
[1.060s] Level 1:colcon.colcon_core.package_discovery:discover_packages(colcon_meta) discover
[1.061s] Level 1:colcon.colcon_core.package_discovery:discover_packages(recursive) discover
[1.061s] INFO:colcon.colcon_core.package_discovery:Crawling recursively for packages in '/home/ubuntu/ros2_ws'
[1.061s] Level 1:colcon.colcon_core.package_identification:_identify(.) by extensions ['ignore', 'ignore_ament_install']
[1.062s] Level 1:colcon.colcon_core.package_identification:_identify(.) by extension 'ignore'
[1.062s] Level 1:colcon.colcon_core.package_identification:_identify(.) by extension 'ignore_ament_install'
[1.062s] Level 1:colcon.colcon_core.package_identification:_identify(.) by extensions ['colcon_pkg']
[1.062s] Level 1:colcon.colcon_core.package_identification:_identify(.) by extension 'colcon_pkg'
[1.062s] Level 1:colcon.colcon_core.package_identification:_identify(.) by extensions ['colcon_meta']
[1.062s] Level 1:colcon.colcon_core.package_identification:_identify(.) by extension 'colcon_meta'
[1.063s] Level 1:colcon.colcon_core.package_identification:_identify(.) by extensions ['ros']
[1.063s] Level 1:colcon.colcon_core.package_identification:_identify(.) by extension 'ros'
[1.107s] Level 1:colcon.colcon_core.package_identification:_identify(.) by extensions ['cmake', 'python']
[1.107s] Level 1:colcon.colcon_core.package_identification:_identify(.) by extension 'cmake'
[1.107s] Level 1:colcon.colcon_core.package_identification:_identify(.) by extension 'python'
[1.108s] Level 1:colcon.colcon_core.package_identification:_identify(.) by extensions ['python_setup_py']
[1.108s] Level 1:colcon.colcon_core.package_identification:_identify(.) by extension 'python_setup_py'
[1.108s] Level 1:colcon.colcon_core.package_identification:_identify(build) by extensions ['ignore', 'ignore_ament_install']
[1.109s] Level 1:colcon.colcon_core.package_identification:_identify(build) by extension 'ignore'
[1.109s] Level 1:colcon.colcon_core.package_identification:_identify(build) ignored
[1.110s] Level 1:colcon.colcon_core.package_identification:_identify(install) by extensions ['ignore', 'ignore_ament_install']
[1.110s] Level 1:colcon.colcon_core.package_identification:_identify(install) by extension 'ignore'
[1.110s] Level 1:colcon.colcon_core.package_identification:_identify(install) ignored
[1.111s] Level 1:colcon.colcon_core.package_identification:_identify(log) by extensions ['ignore', 'ignore_ament_install']
[1.111s] Level 1:colcon.colcon_core.package_identification:_identify(log) by extension 'ignore'
[1.111s] Level 1:colcon.colcon_core.package_identification:_identify(log) ignored
[1.112s] Level 1:colcon.colcon_core.package_identification:_identify(src) by extensions ['ignore', 'ignore_ament_install']
[1.112s] Level 1:colcon.colcon_core.package_identification:_identify(src) by extension 'ignore'
[1.112s] Level 1:colcon.colcon_core.package_identification:_identify(src) by extension 'ignore_ament_install'
[1.112s] Level 1:colcon.colcon_core.package_identification:_identify(src) by extensions ['colcon_pkg']
[1.112s] Level 1:colcon.colcon_core.package_identification:_identify(src) by extension 'colcon_pkg'
[1.113s] Level 1:colcon.colcon_core.package_identification:_identify(src) by extensions ['colcon_meta']
[1.113s] Level 1:colcon.colcon_core.package_identification:_identify(src) by extension 'colcon_meta'
[1.113s] Level 1:colcon.colcon_core.package_identification:_identify(src) by extensions ['ros']
[1.113s] Level 1:colcon.colcon_core.package_identification:_identify(src) by extension 'ros'
[1.113s] Level 1:colcon.colcon_core.package_identification:_identify(src) by extensions ['cmake', 'python']
[1.113s] Level 1:colcon.colcon_core.package_identification:_identify(src) by extension 'cmake'
[1.114s] Level 1:colcon.colcon_core.package_identification:_identify(src) by extension 'python'
[1.114s] Level 1:colcon.colcon_core.package_identification:_identify(src) by extensions ['python_setup_py']
[1.114s] Level 1:colcon.colcon_core.package_identification:_identify(src) by extension 'python_setup_py'
[1.114s] Level 1:colcon.colcon_core.package_identification:_identify(src/build) by extensions ['ignore', 'ignore_ament_install']
[1.115s] Level 1:colcon.colcon_core.package_identification:_identify(src/build) by extension 'ignore'
[1.115s] Level 1:colcon.colcon_core.package_identification:_identify(src/build) ignored
[1.115s] Level 1:colcon.colcon_core.package_identification:_identify(src/icm20948_driver) by extensions ['ignore', 'ignore_ament_install']
[1.115s] Level 1:colcon.colcon_core.package_identification:_identify(src/icm20948_driver) by extension 'ignore'
[1.116s] Level 1:colcon.colcon_core.package_identification:_identify(src/icm20948_driver) by extension 'ignore_ament_install'
[1.116s] Level 1:colcon.colcon_core.package_identification:_identify(src/icm20948_driver) by extensions ['colcon_pkg']
[1.116s] Level 1:colcon.colcon_core.package_identification:_identify(src/icm20948_driver) by extension 'colcon_pkg'
[1.116s] Level 1:colcon.colcon_core.package_identification:_identify(src/icm20948_driver) by extensions ['colcon_meta']
[1.116s] Level 1:colcon.colcon_core.package_identification:_identify(src/icm20948_driver) by extension 'colcon_meta'
[1.116s] Level 1:colcon.colcon_core.package_identification:_identify(src/icm20948_driver) by extensions ['ros']
[1.116s] Level 1:colcon.colcon_core.package_identification:_identify(src/icm20948_driver) by extension 'ros'
[1.131s] DEBUG:colcon.colcon_core.package_identification:Package 'src/icm20948_driver' with type 'ros.ament_cmake' and name 'icm20948_driver'
[1.132s] Level 1:colcon.colcon_core.package_identification:_identify(src/install) by extensions ['ignore', 'ignore_ament_install']
[1.132s] Level 1:colcon.colcon_core.package_identification:_identify(src/install) by extension 'ignore'
[1.132s] Level 1:colcon.colcon_core.package_identification:_identify(src/install) ignored
[1.133s] Level 1:colcon.colcon_core.package_identification:_identify(src/log) by extensions ['ignore', 'ignore_ament_install']
[1.133s] Level 1:colcon.colcon_core.package_identification:_identify(src/log) by extension 'ignore'
[1.133s] Level 1:colcon.colcon_core.package_identification:_identify(src/log) ignored
[1.134s] Level 1:colcon.colcon_core.package_identification:_identify(src/mission_node) by extensions ['ignore', 'ignore_ament_install']
[1.134s] Level 1:colcon.colcon_core.package_identification:_identify(src/mission_node) by extension 'ignore'
[1.134s] Level 1:colcon.colcon_core.package_identification:_identify(src/mission_node) by extension 'ignore_ament_install'
[1.134s] Level 1:colcon.colcon_core.package_identification:_identify(src/mission_node) by extensions ['colcon_pkg']
[1.135s] Level 1:colcon.colcon_core.package_identification:_identify(src/mission_node) by extension 'colcon_pkg'
[1.135s] Level 1:colcon.colcon_core.package_identification:_identify(src/mission_node) by extensions ['colcon_meta']
[1.135s] Level 1:colcon.colcon_core.package_identification:_identify(src/mission_node) by extension 'colcon_meta'
[1.135s] Level 1:colcon.colcon_core.package_identification:_identify(src/mission_node) by extensions ['ros']
[1.135s] Level 1:colcon.colcon_core.package_identification:_identify(src/mission_node) by extension 'ros'
[1.138s] DEBUG:colcon.colcon_core.package_identification:Package 'src/mission_node' with type 'ros.ament_python' and name 'mission_node'
[1.139s] Level 1:colcon.colcon_core.package_identification:_identify(src/msp_bridge) by extensions ['ignore', 'ignore_ament_install']
[1.139s] Level 1:colcon.colcon_core.package_identification:_identify(src/msp_bridge) by extension 'ignore'
[1.139s] Level 1:colcon.colcon_core.package_identification:_identify(src/msp_bridge) by extension 'ignore_ament_install'
[1.139s] Level 1:colcon.colcon_core.package_identification:_identify(src/msp_bridge) by extensions ['colcon_pkg']
[1.140s] Level 1:colcon.colcon_core.package_identification:_identify(src/msp_bridge) by extension 'colcon_pkg'
[1.140s] Level 1:colcon.colcon_core.package_identification:_identify(src/msp_bridge) by extensions ['colcon_meta']
[1.140s] Level 1:colcon.colcon_core.package_identification:_identify(src/msp_bridge) by extension 'colcon_meta'
[1.140s] Level 1:colcon.colcon_core.package_identification:_identify(src/msp_bridge) by extensions ['ros']
[1.140s] Level 1:colcon.colcon_core.package_identification:_identify(src/msp_bridge) by extension 'ros'
[1.143s] DEBUG:colcon.colcon_core.package_identification:Package 'src/msp_bridge' with type 'ros.ament_cmake' and name 'msp_bridge'
[1.144s] Level 1:colcon.colcon_core.package_identification:_identify(src/vo_system) by extensions ['ignore', 'ignore_ament_install']
[1.144s] Level 1:colcon.colcon_core.package_identification:_identify(src/vo_system) by extension 'ignore'
[1.144s] Level 1:colcon.colcon_core.package_identification:_identify(src/vo_system) by extension 'ignore_ament_install'
[1.144s] Level 1:colcon.colcon_core.package_identification:_identify(src/vo_system) by extensions ['colcon_pkg']
[1.145s] Level 1:colcon.colcon_core.package_identification:_identify(src/vo_system) by extension 'colcon_pkg'
[1.145s] Level 1:colcon.colcon_core.package_identification:_identify(src/vo_system) by extensions ['colcon_meta']
[1.145s] Level 1:colcon.colcon_core.package_identification:_identify(src/vo_system) by extension 'colcon_meta'
[1.145s] Level 1:colcon.colcon_core.package_identification:_identify(src/vo_system) by extensions ['ros']
[1.145s] Level 1:colcon.colcon_core.package_identification:_identify(src/vo_system) by extension 'ros'
[1.147s] DEBUG:colcon.colcon_core.package_identification:Package 'src/vo_system' with type 'ros.ament_cmake' and name 'vo_system'
[1.148s] Level 1:colcon.colcon_core.package_discovery:discover_packages(recursive) using defaults
[1.148s] Level 1:colcon.colcon_core.package_discovery:discover_packages(ignore) discover
[1.148s] Level 1:colcon.colcon_core.package_discovery:discover_packages(ignore) using defaults
[1.148s] Level 1:colcon.colcon_core.package_discovery:discover_packages(path) discover
[1.148s] Level 1:colcon.colcon_core.package_discovery:discover_packages(path) using defaults
[1.223s] INFO:colcon.colcon_core.package_selection:Skipping not selected package 'icm20948_driver' in 'src/icm20948_driver'
[1.224s] INFO:colcon.colcon_core.package_selection:Skipping not selected package 'msp_bridge' in 'src/msp_bridge'
[1.224s] INFO:colcon.colcon_core.package_selection:Skipping not selected package 'vo_system' in 'src/vo_system'
[1.225s] Level 1:colcon.colcon_core.package_discovery:discover_packages(prefix_path) check parameters
[1.226s] Level 1:colcon.colcon_core.package_discovery:discover_packages(prefix_path) discover
[1.234s] DEBUG:colcon.colcon_installed_package_information.package_discovery:Found 1 installed packages in /home/ubuntu/ros2_ws/src/install
[1.236s] DEBUG:colcon.colcon_installed_package_information.package_discovery:Found 3 installed packages in /home/ubuntu/ros2_ws/install
[1.243s] DEBUG:colcon.colcon_installed_package_information.package_discovery:Found 195 installed packages in /opt/ros/humble
[1.248s] Level 1:colcon.colcon_core.package_discovery:discover_packages(prefix_path) using defaults
[1.401s] Level 5:colcon.colcon_core.verb:set package 'mission_node' build argument 'cmake_args' from command line to 'None'
[1.402s] Level 5:colcon.colcon_core.verb:set package 'mission_node' build argument 'cmake_target' from command line to 'None'
[1.402s] Level 5:colcon.colcon_core.verb:set package 'mission_node' build argument 'cmake_target_skip_unavailable' from command line to 'False'
[1.402s] Level 5:colcon.colcon_core.verb:set package 'mission_node' build argument 'cmake_clean_cache' from command line to 'False'
[1.402s] Level 5:colcon.colcon_core.verb:set package 'mission_node' build argument 'cmake_clean_first' from command line to 'False'
[1.402s] Level 5:colcon.colcon_core.verb:set package 'mission_node' build argument 'cmake_force_configure' from command line to 'False'
[1.402s] Level 5:colcon.colcon_core.verb:set package 'mission_node' build argument 'ament_cmake_args' from command line to 'None'
[1.402s] Level 5:colcon.colcon_core.verb:set package 'mission_node' build argument 'catkin_cmake_args' from command line to 'None'
[1.402s] Level 5:colcon.colcon_core.verb:set package 'mission_node' build argument 'catkin_skip_building_tests' from command line to 'False'
[1.402s] DEBUG:colcon.colcon_core.verb:Building package 'mission_node' with the following arguments: {'ament_cmake_args': None, 'build_base': '/home/ubuntu/ros2_ws/build/mission_node', 'catkin_cmake_args': None, 'catkin_skip_building_tests': False, 'cmake_args': None, 'cmake_clean_cache': False, 'cmake_clean_first': False, 'cmake_force_configure': False, 'cmake_target': None, 'cmake_target_skip_unavailable': False, 'install_base': '/home/ubuntu/ros2_ws/install/mission_node', 'merge_install': False, 'path': '/home/ubuntu/ros2_ws/src/mission_node', 'symlink_install': False, 'test_result_base': None}
[1.403s] INFO:colcon.colcon_core.executor:Executing jobs using 'parallel' executor
[1.406s] DEBUG:colcon.colcon_parallel_executor.executor.parallel:run_until_complete
[1.407s] INFO:colcon.colcon_ros.task.ament_python.build:Building ROS package in '/home/ubuntu/ros2_ws/src/mission_node' with build type 'ament_python'
[1.408s] Level 1:colcon.colcon_core.shell:create_environment_hook('mission_node', 'ament_prefix_path')
[1.417s] INFO:colcon.colcon_core.plugin_system:Skipping extension 'colcon_core.shell.bat': Not used on non-Windows systems
[1.417s] INFO:colcon.colcon_core.shell:Creating environment hook '/home/ubuntu/ros2_ws/install/mission_node/share/mission_node/hook/ament_prefix_path.ps1'
[1.421s] INFO:colcon.colcon_core.shell:Creating environment descriptor '/home/ubuntu/ros2_ws/install/mission_node/share/mission_node/hook/ament_prefix_path.dsv'
[1.423s] INFO:colcon.colcon_core.shell:Creating environment hook '/home/ubuntu/ros2_ws/install/mission_node/share/mission_node/hook/ament_prefix_path.sh'
[1.426s] INFO:colcon.colcon_core.shell:Skip shell extension 'powershell' for command environment: Not usable outside of PowerShell
[1.426s] DEBUG:colcon.colcon_core.shell:Skip shell extension 'dsv' for command environment
[2.437s] INFO:colcon.colcon_core.task.python.build:Building Python package in '/home/ubuntu/ros2_ws/src/mission_node'
[2.438s] INFO:colcon.colcon_core.shell:Skip shell extension 'powershell' for command environment: Not usable outside of PowerShell
[2.438s] DEBUG:colcon.colcon_core.shell:Skip shell extension 'dsv' for command environment
[3.891s] DEBUG:colcon.colcon_core.event_handler.log_command:Invoking command in '/home/ubuntu/ros2_ws/src/mission_node': PYTHONPATH=/home/ubuntu/ros2_ws/build/mission_node/prefix_override:/usr/lib/python3/dist-packages/colcon_core/task/python/colcon_distutils_commands:/home/ubuntu/ros2_ws/install/mission_node/lib/python3.10/site-packages:${PYTHONPATH} /usr/bin/python3 -W ignore:setup.py install is deprecated -W ignore:easy_install command is deprecated setup.py egg_info --egg-base ../../build/mission_node build --build-base /home/ubuntu/ros2_ws/build/mission_node/build install --record /home/ubuntu/ros2_ws/build/mission_node/install.log --single-version-externally-managed install_data
[5.065s] DEBUG:colcon.colcon_core.event_handler.log_command:Invoked command in '/home/ubuntu/ros2_ws/src/mission_node' returned '0': PYTHONPATH=/home/ubuntu/ros2_ws/build/mission_node/prefix_override:/usr/lib/python3/dist-packages/colcon_core/task/python/colcon_distutils_commands:/home/ubuntu/ros2_ws/install/mission_node/lib/python3.10/site-packages:${PYTHONPATH} /usr/bin/python3 -W ignore:setup.py install is deprecated -W ignore:easy_install command is deprecated setup.py egg_info --egg-base ../../build/mission_node build --build-base /home/ubuntu/ros2_ws/build/mission_node/build install --record /home/ubuntu/ros2_ws/build/mission_node/install.log --single-version-externally-managed install_data
[5.075s] Level 1:colcon.colcon_core.environment:checking '/home/ubuntu/ros2_ws/install/mission_node' for CMake module files
[5.078s] Level 1:colcon.colcon_core.environment:checking '/home/ubuntu/ros2_ws/install/mission_node' for CMake config files
[5.082s] Level 1:colcon.colcon_core.environment:checking '/home/ubuntu/ros2_ws/install/mission_node/lib'
[5.083s] Level 1:colcon.colcon_core.environment:checking '/home/ubuntu/ros2_ws/install/mission_node/bin'
[5.083s] Level 1:colcon.colcon_core.environment:checking '/home/ubuntu/ros2_ws/install/mission_node/lib/pkgconfig/mission_node.pc'
[5.084s] Level 1:colcon.colcon_core.environment:checking '/home/ubuntu/ros2_ws/install/mission_node/lib/python3.10/site-packages'
[5.085s] Level 1:colcon.colcon_core.shell:create_environment_hook('mission_node', 'pythonpath')
[5.086s] INFO:colcon.colcon_core.shell:Creating environment hook '/home/ubuntu/ros2_ws/install/mission_node/share/mission_node/hook/pythonpath.ps1'
[5.088s] INFO:colcon.colcon_core.shell:Creating environment descriptor '/home/ubuntu/ros2_ws/install/mission_node/share/mission_node/hook/pythonpath.dsv'
[5.089s] INFO:colcon.colcon_core.shell:Creating environment hook '/home/ubuntu/ros2_ws/install/mission_node/share/mission_node/hook/pythonpath.sh'
[5.092s] Level 1:colcon.colcon_core.environment:checking '/home/ubuntu/ros2_ws/install/mission_node/bin'
[5.092s] Level 1:colcon.colcon_core.environment:create_environment_scripts_only(mission_node)
[5.093s] INFO:colcon.colcon_core.shell:Creating package script '/home/ubuntu/ros2_ws/install/mission_node/share/mission_node/package.ps1'
[5.098s] INFO:colcon.colcon_core.shell:Creating package descriptor '/home/ubuntu/ros2_ws/install/mission_node/share/mission_node/package.dsv'
[5.100s] INFO:colcon.colcon_core.shell:Creating package script '/home/ubuntu/ros2_ws/install/mission_node/share/mission_node/package.sh'
[5.103s] INFO:colcon.colcon_core.shell:Creating package script '/home/ubuntu/ros2_ws/install/mission_node/share/mission_node/package.bash'
[5.106s] INFO:colcon.colcon_core.shell:Creating package script '/home/ubuntu/ros2_ws/install/mission_node/share/mission_node/package.zsh'
[5.109s] Level 1:colcon.colcon_core.environment:create_file_with_runtime_dependencies(/home/ubuntu/ros2_ws/install/mission_node/share/colcon-core/packages/mission_node)
[5.111s] DEBUG:colcon.colcon_parallel_executor.executor.parallel:closing loop
[5.112s] DEBUG:colcon.colcon_parallel_executor.executor.parallel:loop closed
[5.112s] DEBUG:colcon.colcon_parallel_executor.executor.parallel:run_until_complete finished with '0'
[5.113s] DEBUG:colcon.colcon_core.event_reactor:joining thread
[5.114s] DEBUG:colcon.colcon_core.event_reactor:joined thread
[5.115s] INFO:colcon.colcon_core.shell:Creating prefix script '/home/ubuntu/ros2_ws/install/local_setup.ps1'
[5.118s] INFO:colcon.colcon_core.shell:Creating prefix util module '/home/ubuntu/ros2_ws/install/_local_setup_util_ps1.py'
[5.125s] INFO:colcon.colcon_core.shell:Creating prefix chain script '/home/ubuntu/ros2_ws/install/setup.ps1'
[5.133s] INFO:colcon.colcon_core.shell:Creating prefix script '/home/ubuntu/ros2_ws/install/local_setup.sh'
[5.135s] INFO:colcon.colcon_core.shell:Creating prefix util module '/home/ubuntu/ros2_ws/install/_local_setup_util_sh.py'
[5.138s] INFO:colcon.colcon_core.shell:Creating prefix chain script '/home/ubuntu/ros2_ws/install/setup.sh'
[5.143s] INFO:colcon.colcon_core.shell:Creating prefix script '/home/ubuntu/ros2_ws/install/local_setup.bash'
[5.146s] INFO:colcon.colcon_core.shell:Creating prefix chain script '/home/ubuntu/ros2_ws/install/setup.bash'
[5.151s] INFO:colcon.colcon_core.shell:Creating prefix script '/home/ubuntu/ros2_ws/install/local_setup.zsh'
[5.153s] INFO:colcon.colcon_core.shell:Creating prefix chain script '/home/ubuntu/ros2_ws/install/setup.zsh'
