[0.044s] Invoking command in '/home/ubuntu/ros2_ws/build/msp_bridge': CMAKE_PREFIX_PATH=/opt/ros/humble /usr/bin/cmake /home/ubuntu/ros2_ws/src/msp_bridge -DCMAKE_INSTALL_PREFIX=/home/ubuntu/ros2_ws/install/msp_bridge
[0.296s] -- The C compiler identification is GNU 11.4.0
[0.544s] -- The CXX compiler identification is GNU 11.4.0
[0.576s] -- Detecting C compiler ABI info
[0.888s] -- Detecting C compiler ABI info - done
[0.914s] -- Check for working C compiler: /usr/bin/cc - skipped
[0.915s] -- Detecting C compile features
[0.916s] -- Detecting C compile features - done
[0.927s] -- Detecting CXX compiler ABI info
[1.259s] -- Detecting CXX compiler ABI info - done
[1.287s] -- Check for working CXX compiler: /usr/bin/c++ - skipped
[1.287s] -- Detecting CXX compile features
[1.289s] -- Detecting CXX compile features - done
[1.310s] -- Found ament_cmake: 1.3.14 (/opt/ros/humble/share/ament_cmake/cmake)
[1.987s] -- Found Python3: /usr/bin/python3 (found version "3.10.12") found components: Interpreter 
[2.447s] -- Found rclcpp: 16.0.19 (/opt/ros/humble/share/rclcpp/cmake)
[2.701s] -- Found rosidl_generator_c: 3.1.8 (/opt/ros/humble/share/rosidl_generator_c/cmake)
[2.735s] -- Found rosidl_adapter: 3.1.8 (/opt/ros/humble/share/rosidl_adapter/cmake)
[2.781s] -- Found rosidl_generator_cpp: 3.1.8 (/opt/ros/humble/share/rosidl_generator_cpp/cmake)
[2.843s] -- Using all available rosidl_typesupport_c: rosidl_typesupport_fastrtps_c;rosidl_typesupport_introspection_c
[2.926s] -- Using all available rosidl_typesupport_cpp: rosidl_typesupport_fastrtps_cpp;rosidl_typesupport_introspection_cpp
[3.156s] -- Found rmw_implementation_cmake: 6.1.2 (/opt/ros/humble/share/rmw_implementation_cmake/cmake)
[3.173s] -- Found rmw_fastrtps_cpp: 6.2.10 (/opt/ros/humble/share/rmw_fastrtps_cpp/cmake)
[3.633s] -- Found OpenSSL: /usr/lib/aarch64-linux-gnu/libcrypto.so (found version "3.0.2")  
[3.796s] -- Found FastRTPS: /opt/ros/humble/include  
[4.060s] -- Using RMW implementation 'rmw_fastrtps_cpp' as default
[4.113s] -- Looking for pthread.h
[4.433s] -- Looking for pthread.h - found
[4.435s] -- Performing Test CMAKE_HAVE_LIBC_PTHREAD
[4.751s] -- Performing Test CMAKE_HAVE_LIBC_PTHREAD - Success
[4.756s] -- Found Threads: TRUE  
[4.984s] -- Found nav_msgs: 4.9.1 (/opt/ros/humble/share/nav_msgs/cmake)
[5.385s] -- Configuring done
[5.441s] -- Generating done
[5.456s] -- Build files have been written to: /home/ubuntu/ros2_ws/build/msp_bridge
[5.492s] Invoked command in '/home/ubuntu/ros2_ws/build/msp_bridge' returned '0': CMAKE_PREFIX_PATH=/opt/ros/humble /usr/bin/cmake /home/ubuntu/ros2_ws/src/msp_bridge -DCMAKE_INSTALL_PREFIX=/home/ubuntu/ros2_ws/install/msp_bridge
[5.501s] Invoking command in '/home/ubuntu/ros2_ws/build/msp_bridge': CMAKE_PREFIX_PATH=/opt/ros/humble /usr/bin/cmake --build /home/ubuntu/ros2_ws/build/msp_bridge -- -j4 -l4
[5.717s] [ 50%] [32mBuilding CXX object CMakeFiles/msp_bridge_node.dir/src/msp_bridge.cpp.o[0m
[56.899s] [100%] [32m[1mLinking CXX executable msp_bridge_node[0m
[59.992s] [100%] Built target msp_bridge_node
[60.031s] Invoked command in '/home/ubuntu/ros2_ws/build/msp_bridge' returned '0': CMAKE_PREFIX_PATH=/opt/ros/humble /usr/bin/cmake --build /home/ubuntu/ros2_ws/build/msp_bridge -- -j4 -l4
[60.067s] Invoking command in '/home/ubuntu/ros2_ws/build/msp_bridge': CMAKE_PREFIX_PATH=/opt/ros/humble /usr/bin/cmake --install /home/ubuntu/ros2_ws/build/msp_bridge
[60.098s] -- Install configuration: ""
[60.098s] -- Installing: /home/ubuntu/ros2_ws/install/msp_bridge/lib/msp_bridge/msp_bridge_node
[60.151s] -- Set runtime path of "/home/ubuntu/ros2_ws/install/msp_bridge/lib/msp_bridge/msp_bridge_node" to ""
[60.152s] -- Installing: /home/ubuntu/ros2_ws/install/msp_bridge/share/ament_index/resource_index/package_run_dependencies/msp_bridge
[60.153s] -- Installing: /home/ubuntu/ros2_ws/install/msp_bridge/share/ament_index/resource_index/parent_prefix_path/msp_bridge
[60.155s] -- Installing: /home/ubuntu/ros2_ws/install/msp_bridge/share/msp_bridge/environment/ament_prefix_path.sh
[60.156s] -- Installing: /home/ubuntu/ros2_ws/install/msp_bridge/share/msp_bridge/environment/ament_prefix_path.dsv
[60.157s] -- Installing: /home/ubuntu/ros2_ws/install/msp_bridge/share/msp_bridge/environment/path.sh
[60.158s] -- Installing: /home/ubuntu/ros2_ws/install/msp_bridge/share/msp_bridge/environment/path.dsv
[60.159s] -- Installing: /home/ubuntu/ros2_ws/install/msp_bridge/share/msp_bridge/local_setup.bash
[60.160s] -- Installing: /home/ubuntu/ros2_ws/install/msp_bridge/share/msp_bridge/local_setup.sh
[60.161s] -- Installing: /home/ubuntu/ros2_ws/install/msp_bridge/share/msp_bridge/local_setup.zsh
[60.162s] -- Installing: /home/ubuntu/ros2_ws/install/msp_bridge/share/msp_bridge/local_setup.dsv
[60.163s] -- Installing: /home/ubuntu/ros2_ws/install/msp_bridge/share/msp_bridge/package.dsv
[60.165s] -- Installing: /home/ubuntu/ros2_ws/install/msp_bridge/share/ament_index/resource_index/packages/msp_bridge
[60.166s] -- Installing: /home/ubuntu/ros2_ws/install/msp_bridge/share/msp_bridge/cmake/msp_bridgeConfig.cmake
[60.167s] -- Installing: /home/ubuntu/ros2_ws/install/msp_bridge/share/msp_bridge/cmake/msp_bridgeConfig-version.cmake
[60.168s] -- Installing: /home/ubuntu/ros2_ws/install/msp_bridge/share/msp_bridge/package.xml
[60.174s] Invoked command in '/home/ubuntu/ros2_ws/build/msp_bridge' returned '0': CMAKE_PREFIX_PATH=/opt/ros/humble /usr/bin/cmake --install /home/ubuntu/ros2_ws/build/msp_bridge
