[2.482s] Invoking command in '/home/ubuntu/ros2_ws/src/mission_node': PYTHONPATH=/home/ubuntu/ros2_ws/build/mission_node/prefix_override:/usr/lib/python3/dist-packages/colcon_core/task/python/colcon_distutils_commands:/home/ubuntu/ros2_ws/install/mission_node/lib/python3.10/site-packages:${PYTHONPATH} /usr/bin/python3 -W ignore:setup.py install is deprecated -W ignore:easy_install command is deprecated setup.py egg_info --egg-base ../../build/mission_node build --build-base /home/ubuntu/ros2_ws/build/mission_node/build install --record /home/ubuntu/ros2_ws/build/mission_node/install.log --single-version-externally-managed install_data
[3.405s] running egg_info
[3.407s] creating ../../build/mission_node/mission_node.egg-info
[3.408s] writing ../../build/mission_node/mission_node.egg-info/PKG-INFO
[3.409s] writing dependency_links to ../../build/mission_node/mission_node.egg-info/dependency_links.txt
[3.409s] writing entry points to ../../build/mission_node/mission_node.egg-info/entry_points.txt
[3.410s] writing requirements to ../../build/mission_node/mission_node.egg-info/requires.txt
[3.410s] writing top-level names to ../../build/mission_node/mission_node.egg-info/top_level.txt
[3.411s] writing manifest file '../../build/mission_node/mission_node.egg-info/SOURCES.txt'
[3.417s] reading manifest file '../../build/mission_node/mission_node.egg-info/SOURCES.txt'
[3.421s] writing manifest file '../../build/mission_node/mission_node.egg-info/SOURCES.txt'
[3.421s] running build
[3.422s] running build_py
[3.422s] creating /home/ubuntu/ros2_ws/build/mission_node/build
[3.423s] creating /home/ubuntu/ros2_ws/build/mission_node/build/lib
[3.423s] creating /home/ubuntu/ros2_ws/build/mission_node/build/lib/mission_node
[3.424s] copying mission_node/__init__.py -> /home/ubuntu/ros2_ws/build/mission_node/build/lib/mission_node
[3.424s] copying mission_node/odom_emulator.py -> /home/ubuntu/ros2_ws/build/mission_node/build/lib/mission_node
[3.425s] copying mission_node/mission_node.py -> /home/ubuntu/ros2_ws/build/mission_node/build/lib/mission_node
[3.426s] running install
[3.427s] running install_lib
[3.430s] creating /home/ubuntu/ros2_ws/install/mission_node/lib/python3.10/site-packages/mission_node
[3.431s] copying /home/ubuntu/ros2_ws/build/mission_node/build/lib/mission_node/__init__.py -> /home/ubuntu/ros2_ws/install/mission_node/lib/python3.10/site-packages/mission_node
[3.431s] copying /home/ubuntu/ros2_ws/build/mission_node/build/lib/mission_node/odom_emulator.py -> /home/ubuntu/ros2_ws/install/mission_node/lib/python3.10/site-packages/mission_node
[3.432s] copying /home/ubuntu/ros2_ws/build/mission_node/build/lib/mission_node/mission_node.py -> /home/ubuntu/ros2_ws/install/mission_node/lib/python3.10/site-packages/mission_node
[3.435s] byte-compiling /home/ubuntu/ros2_ws/install/mission_node/lib/python3.10/site-packages/mission_node/__init__.py to __init__.cpython-310.pyc
[3.436s] byte-compiling /home/ubuntu/ros2_ws/install/mission_node/lib/python3.10/site-packages/mission_node/odom_emulator.py to odom_emulator.cpython-310.pyc
[3.440s] byte-compiling /home/ubuntu/ros2_ws/install/mission_node/lib/python3.10/site-packages/mission_node/mission_node.py to mission_node.cpython-310.pyc
[3.446s] running install_data
[3.446s] creating /home/ubuntu/ros2_ws/install/mission_node/share/ament_index
[3.447s] creating /home/ubuntu/ros2_ws/install/mission_node/share/ament_index/resource_index
[3.447s] creating /home/ubuntu/ros2_ws/install/mission_node/share/ament_index/resource_index/packages
[3.448s] copying resource/mission_node -> /home/ubuntu/ros2_ws/install/mission_node/share/ament_index/resource_index/packages
[3.448s] copying package.xml -> /home/ubuntu/ros2_ws/install/mission_node/share/mission_node
[3.448s] running install_egg_info
[3.455s] Copying ../../build/mission_node/mission_node.egg-info to /home/ubuntu/ros2_ws/install/mission_node/lib/python3.10/site-packages/mission_node-1.0.0-py3.10.egg-info
[3.460s] running install_scripts
[3.538s] Installing mission_node script to /home/ubuntu/ros2_ws/install/mission_node/lib/mission_node
[3.538s] Installing odom_emulator script to /home/ubuntu/ros2_ws/install/mission_node/lib/mission_node
[3.540s] writing list of installed files to '/home/ubuntu/ros2_ws/build/mission_node/install.log'
[3.656s] Invoked command in '/home/ubuntu/ros2_ws/src/mission_node' returned '0': PYTHONPATH=/home/ubuntu/ros2_ws/build/mission_node/prefix_override:/usr/lib/python3/dist-packages/colcon_core/task/python/colcon_distutils_commands:/home/ubuntu/ros2_ws/install/mission_node/lib/python3.10/site-packages:${PYTHONPATH} /usr/bin/python3 -W ignore:setup.py install is deprecated -W ignore:easy_install command is deprecated setup.py egg_info --egg-base ../../build/mission_node build --build-base /home/ubuntu/ros2_ws/build/mission_node/build install --record /home/ubuntu/ros2_ws/build/mission_node/install.log --single-version-externally-managed install_data
