running egg_info
creating ../build/simple_vo/simple_vo.egg-info
writing ../build/simple_vo/simple_vo.egg-info/PKG-INFO
writing dependency_links to ../build/simple_vo/simple_vo.egg-info/dependency_links.txt
writing entry points to ../build/simple_vo/simple_vo.egg-info/entry_points.txt
writing requirements to ../build/simple_vo/simple_vo.egg-info/requires.txt
writing top-level names to ../build/simple_vo/simple_vo.egg-info/top_level.txt
writing manifest file '../build/simple_vo/simple_vo.egg-info/SOURCES.txt'
reading manifest file '../build/simple_vo/simple_vo.egg-info/SOURCES.txt'
writing manifest file '../build/simple_vo/simple_vo.egg-info/SOURCES.txt'
running build
running build_py
creating /home/ubuntu/ros2_ws/src/build/simple_vo/build
creating /home/ubuntu/ros2_ws/src/build/simple_vo/build/lib
creating /home/ubuntu/ros2_ws/src/build/simple_vo/build/lib/simple_vo
copying simple_vo/__init__.py -> /home/ubuntu/ros2_ws/src/build/simple_vo/build/lib/simple_vo
copying simple_vo/simple_vo_node.py -> /home/ubuntu/ros2_ws/src/build/simple_vo/build/lib/simple_vo
running install
running install_lib
creating /home/ubuntu/ros2_ws/src/install/simple_vo/lib/python3.10/site-packages/simple_vo
copying /home/ubuntu/ros2_ws/src/build/simple_vo/build/lib/simple_vo/__init__.py -> /home/ubuntu/ros2_ws/src/install/simple_vo/lib/python3.10/site-packages/simple_vo
copying /home/ubuntu/ros2_ws/src/build/simple_vo/build/lib/simple_vo/simple_vo_node.py -> /home/ubuntu/ros2_ws/src/install/simple_vo/lib/python3.10/site-packages/simple_vo
byte-compiling /home/ubuntu/ros2_ws/src/install/simple_vo/lib/python3.10/site-packages/simple_vo/__init__.py to __init__.cpython-310.pyc
byte-compiling /home/ubuntu/ros2_ws/src/install/simple_vo/lib/python3.10/site-packages/simple_vo/simple_vo_node.py to simple_vo_node.cpython-310.pyc
running install_data
creating /home/ubuntu/ros2_ws/src/install/simple_vo/share/ament_index
creating /home/ubuntu/ros2_ws/src/install/simple_vo/share/ament_index/resource_index
creating /home/ubuntu/ros2_ws/src/install/simple_vo/share/ament_index/resource_index/packages
copying resource/simple_vo -> /home/ubuntu/ros2_ws/src/install/simple_vo/share/ament_index/resource_index/packages
copying package.xml -> /home/ubuntu/ros2_ws/src/install/simple_vo/share/simple_vo
running install_egg_info
Copying ../build/simple_vo/simple_vo.egg-info to /home/ubuntu/ros2_ws/src/install/simple_vo/lib/python3.10/site-packages/simple_vo-1.0.0-py3.10.egg-info
running install_scripts
Installing simple_vo_node script to /home/ubuntu/ros2_ws/src/install/simple_vo/lib/simple_vo
writing list of installed files to '/home/ubuntu/ros2_ws/src/build/simple_vo/install.log'
