[2.603s] Invoking command in '/home/ubuntu/ros2_ws/src/simple_vo': PYTHONPATH=/home/ubuntu/ros2_ws/src/build/simple_vo/prefix_override:/usr/lib/python3/dist-packages/colcon_core/task/python/colcon_distutils_commands:/home/ubuntu/ros2_ws/src/install/simple_vo/lib/python3.10/site-packages:${PYTHONPATH} /usr/bin/python3 -W ignore:setup.py install is deprecated -W ignore:easy_install command is deprecated setup.py egg_info --egg-base ../build/simple_vo build --build-base /home/ubuntu/ros2_ws/src/build/simple_vo/build install --record /home/ubuntu/ros2_ws/src/build/simple_vo/install.log --single-version-externally-managed install_data
[3.576s] running egg_info
[3.578s] creating ../build/simple_vo/simple_vo.egg-info
[3.578s] writing ../build/simple_vo/simple_vo.egg-info/PKG-INFO
[3.580s] writing dependency_links to ../build/simple_vo/simple_vo.egg-info/dependency_links.txt
[3.580s] writing entry points to ../build/simple_vo/simple_vo.egg-info/entry_points.txt
[3.581s] writing requirements to ../build/simple_vo/simple_vo.egg-info/requires.txt
[3.581s] writing top-level names to ../build/simple_vo/simple_vo.egg-info/top_level.txt
[3.582s] writing manifest file '../build/simple_vo/simple_vo.egg-info/SOURCES.txt'
[3.589s] reading manifest file '../build/simple_vo/simple_vo.egg-info/SOURCES.txt'
[3.592s] writing manifest file '../build/simple_vo/simple_vo.egg-info/SOURCES.txt'
[3.593s] running build
[3.593s] running build_py
[3.594s] creating /home/ubuntu/ros2_ws/src/build/simple_vo/build
[3.594s] creating /home/ubuntu/ros2_ws/src/build/simple_vo/build/lib
[3.595s] creating /home/ubuntu/ros2_ws/src/build/simple_vo/build/lib/simple_vo
[3.595s] copying simple_vo/__init__.py -> /home/ubuntu/ros2_ws/src/build/simple_vo/build/lib/simple_vo
[3.595s] copying simple_vo/simple_vo_node.py -> /home/ubuntu/ros2_ws/src/build/simple_vo/build/lib/simple_vo
[3.596s] running install
[3.597s] running install_lib
[3.601s] creating /home/ubuntu/ros2_ws/src/install/simple_vo/lib/python3.10/site-packages/simple_vo
[3.601s] copying /home/ubuntu/ros2_ws/src/build/simple_vo/build/lib/simple_vo/__init__.py -> /home/ubuntu/ros2_ws/src/install/simple_vo/lib/python3.10/site-packages/simple_vo
[3.602s] copying /home/ubuntu/ros2_ws/src/build/simple_vo/build/lib/simple_vo/simple_vo_node.py -> /home/ubuntu/ros2_ws/src/install/simple_vo/lib/python3.10/site-packages/simple_vo
[3.604s] byte-compiling /home/ubuntu/ros2_ws/src/install/simple_vo/lib/python3.10/site-packages/simple_vo/__init__.py to __init__.cpython-310.pyc
[3.606s] byte-compiling /home/ubuntu/ros2_ws/src/install/simple_vo/lib/python3.10/site-packages/simple_vo/simple_vo_node.py to simple_vo_node.cpython-310.pyc
[3.612s] running install_data
[3.612s] creating /home/ubuntu/ros2_ws/src/install/simple_vo/share/ament_index
[3.613s] creating /home/ubuntu/ros2_ws/src/install/simple_vo/share/ament_index/resource_index
[3.613s] creating /home/ubuntu/ros2_ws/src/install/simple_vo/share/ament_index/resource_index/packages
[3.614s] copying resource/simple_vo -> /home/ubuntu/ros2_ws/src/install/simple_vo/share/ament_index/resource_index/packages
[3.614s] copying package.xml -> /home/ubuntu/ros2_ws/src/install/simple_vo/share/simple_vo
[3.614s] running install_egg_info
[3.621s] Copying ../build/simple_vo/simple_vo.egg-info to /home/ubuntu/ros2_ws/src/install/simple_vo/lib/python3.10/site-packages/simple_vo-1.0.0-py3.10.egg-info
[3.627s] running install_scripts
[3.707s] Installing simple_vo_node script to /home/ubuntu/ros2_ws/src/install/simple_vo/lib/simple_vo
[3.709s] writing list of installed files to '/home/ubuntu/ros2_ws/src/build/simple_vo/install.log'
[3.827s] Invoked command in '/home/ubuntu/ros2_ws/src/simple_vo' returned '0': PYTHONPATH=/home/ubuntu/ros2_ws/src/build/simple_vo/prefix_override:/usr/lib/python3/dist-packages/colcon_core/task/python/colcon_distutils_commands:/home/ubuntu/ros2_ws/src/install/simple_vo/lib/python3.10/site-packages:${PYTHONPATH} /usr/bin/python3 -W ignore:setup.py install is deprecated -W ignore:easy_install command is deprecated setup.py egg_info --egg-base ../build/simple_vo build --build-base /home/ubuntu/ros2_ws/src/build/simple_vo/build install --record /home/ubuntu/ros2_ws/src/build/simple_vo/install.log --single-version-externally-managed install_data
